[  205142ms] NotFoundError: Failed to execute 'removeChild' on 'Node': The node to be removed is not a child of this node.
    at Ly (https://wilsonnet.github.io/guitar-moves/_astro/client.mxV3x1Xx.js:8:98867)
    at Bl (https://wilsonnet.github.io/guitar-moves/_astro/client.mxV3x1Xx.js:8:100400)
    at Jy (https://wilsonnet.github.io/guitar-moves/_astro/client.mxV3x1Xx.js:8:102832)
    at Bl (https://wilsonnet.github.io/guitar-moves/_astro/client.mxV3x1Xx.js:8:100526)
    at Jy (https://wilsonnet.github.io/guitar-moves/_astro/client.mxV3x1Xx.js:8:102832)
    at Bl (https://wilsonnet.github.io/guitar-moves/_astro/client.mxV3x1Xx.js:8:100526)
    at Jy (https://wilsonnet.github.io/guitar-moves/_astro/client.mxV3x1Xx.js:8:100648)
    at Bl (https://wilsonnet.github.io/guitar-moves/_astro/client.mxV3x1Xx.js:8:100526)
    at Jy (https://wilsonnet.github.io/guitar-moves/_astro/client.mxV3x1Xx.js:8:103249)
    at mv (https://wilsonnet.github.io/guitar-moves/_astro/client.mxV3x1Xx.js:8:118321)
[  205153ms] NotFoundError: Failed to execute 'removeChild' on 'Node': The node to be removed is not a child of this node.
    at Ly (https://wilsonnet.github.io/guitar-moves/_astro/client.mxV3x1Xx.js:8:98867)
    at Bl (https://wilsonnet.github.io/guitar-moves/_astro/client.mxV3x1Xx.js:8:100400)
    at Jy (https://wilsonnet.github.io/guitar-moves/_astro/client.mxV3x1Xx.js:8:102832)
    at Bl (https://wilsonnet.github.io/guitar-moves/_astro/client.mxV3x1Xx.js:8:100526)
    at Jy (https://wilsonnet.github.io/guitar-moves/_astro/client.mxV3x1Xx.js:8:102832)
    at Bl (https://wilsonnet.github.io/guitar-moves/_astro/client.mxV3x1Xx.js:8:100526)
    at Jy (https://wilsonnet.github.io/guitar-moves/_astro/client.mxV3x1Xx.js:8:100648)
    at Bl (https://wilsonnet.github.io/guitar-moves/_astro/client.mxV3x1Xx.js:8:100526)
    at Jy (https://wilsonnet.github.io/guitar-moves/_astro/client.mxV3x1Xx.js:8:103249)
    at mv (https://wilsonnet.github.io/guitar-moves/_astro/client.mxV3x1Xx.js:8:118321)
[  205160ms] NotFoundError: Failed to execute 'removeChild' on 'Node': The node to be removed is not a child of this node.
    at Ly (https://wilsonnet.github.io/guitar-moves/_astro/client.mxV3x1Xx.js:8:98867)
    at Bl (https://wilsonnet.github.io/guitar-moves/_astro/client.mxV3x1Xx.js:8:100400)
    at Jy (https://wilsonnet.github.io/guitar-moves/_astro/client.mxV3x1Xx.js:8:102832)
    at Bl (https://wilsonnet.github.io/guitar-moves/_astro/client.mxV3x1Xx.js:8:100526)
    at Jy (https://wilsonnet.github.io/guitar-moves/_astro/client.mxV3x1Xx.js:8:102832)
    at Bl (https://wilsonnet.github.io/guitar-moves/_astro/client.mxV3x1Xx.js:8:100526)
    at Jy (https://wilsonnet.github.io/guitar-moves/_astro/client.mxV3x1Xx.js:8:100648)
    at Bl (https://wilsonnet.github.io/guitar-moves/_astro/client.mxV3x1Xx.js:8:100526)
    at Jy (https://wilsonnet.github.io/guitar-moves/_astro/client.mxV3x1Xx.js:8:103249)
    at mv (https://wilsonnet.github.io/guitar-moves/_astro/client.mxV3x1Xx.js:8:118321)
[  205164ms] [ERROR] VexFlow rendering error: C: [RuntimeError] IncompleteVoice: Voice does not have enough notes.
    at https://wilsonnet.github.io/guitar-moves/_astro/SheetMusic.CB25IuWS.js:1:273215
    at Array.reduce (<anonymous>)
    at rt.getResolutionMultiplier (https://wilsonnet.github.io/guitar-moves/_astro/SheetMusic.CB25IuWS.js:1:273029)
    at rt.createModifierContexts (https://wilsonnet.github.io/guitar-moves/_astro/SheetMusic.CB25IuWS.js:1:273396)
    at rt.joinVoices (https://wilsonnet.github.io/guitar-moves/_astro/SheetMusic.CB25IuWS.js:1:278696)
    at Hi.format (https://wilsonnet.github.io/guitar-moves/_astro/SheetMusic.CB25IuWS.js:1:294425)
    at https://wilsonnet.github.io/guitar-moves/_astro/SheetMusic.CB25IuWS.js:1:317025
    at Array.forEach (<anonymous>)
    at re.draw (https://wilsonnet.github.io/guitar-moves/_astro/SheetMusic.CB25IuWS.js:1:316998)
    at https://wilsonnet.github.io/guitar-moves/_astro/SheetMusic.CB25IuWS.js:1:1120934 @ https://wilsonnet.github.io/guitar-moves/_astro/SheetMusic.CB25IuWS.js:0
[  205166ms] NotFoundError: Failed to execute 'removeChild' on 'Node': The node to be removed is not a child of this node.
    at Ly (https://wilsonnet.github.io/guitar-moves/_astro/client.mxV3x1Xx.js:8:98867)
    at Bl (https://wilsonnet.github.io/guitar-moves/_astro/client.mxV3x1Xx.js:8:100400)
    at Jy (https://wilsonnet.github.io/guitar-moves/_astro/client.mxV3x1Xx.js:8:102832)
    at Bl (https://wilsonnet.github.io/guitar-moves/_astro/client.mxV3x1Xx.js:8:100526)
    at Jy (https://wilsonnet.github.io/guitar-moves/_astro/client.mxV3x1Xx.js:8:102832)
    at Bl (https://wilsonnet.github.io/guitar-moves/_astro/client.mxV3x1Xx.js:8:100526)
    at Jy (https://wilsonnet.github.io/guitar-moves/_astro/client.mxV3x1Xx.js:8:100648)
    at Bl (https://wilsonnet.github.io/guitar-moves/_astro/client.mxV3x1Xx.js:8:100526)
    at Jy (https://wilsonnet.github.io/guitar-moves/_astro/client.mxV3x1Xx.js:8:103249)
    at mv (https://wilsonnet.github.io/guitar-moves/_astro/client.mxV3x1Xx.js:8:118321)
[  205167ms] [ERROR] VexFlow rendering error: C: [RuntimeError] BadArgument: Too many ticks.
    at wt.addTickable (https://wilsonnet.github.io/guitar-moves/_astro/SheetMusic.CB25IuWS.js:1:214236)
    at wt.addTickables (https://wilsonnet.github.io/guitar-moves/_astro/SheetMusic.CB25IuWS.js:1:214549)
    at Me.voice (https://wilsonnet.github.io/guitar-moves/_astro/SheetMusic.CB25IuWS.js:1:188207)
    at https://wilsonnet.github.io/guitar-moves/_astro/SheetMusic.CB25IuWS.js:1:1120861
    at $u (https://wilsonnet.github.io/guitar-moves/_astro/client.mxV3x1Xx.js:8:92398)
    at Wy (https://wilsonnet.github.io/guitar-moves/_astro/client.mxV3x1Xx.js:8:107598)
    at it (https://wilsonnet.github.io/guitar-moves/_astro/client.mxV3x1Xx.js:8:107482)
    at Wy (https://wilsonnet.github.io/guitar-moves/_astro/client.mxV3x1Xx.js:8:107644)
    at sv (https://wilsonnet.github.io/guitar-moves/_astro/client.mxV3x1Xx.js:8:120585)
    at bn (https://wilsonnet.github.io/guitar-moves/_astro/client.mxV3x1Xx.js:8:120365) @ https://wilsonnet.github.io/guitar-moves/_astro/SheetMusic.CB25IuWS.js:0
[  205169ms] NotFoundError: Failed to execute 'removeChild' on 'Node': The node to be removed is not a child of this node.
    at Ly (https://wilsonnet.github.io/guitar-moves/_astro/client.mxV3x1Xx.js:8:98867)
    at Bl (https://wilsonnet.github.io/guitar-moves/_astro/client.mxV3x1Xx.js:8:100400)
    at Jy (https://wilsonnet.github.io/guitar-moves/_astro/client.mxV3x1Xx.js:8:102832)
    at Bl (https://wilsonnet.github.io/guitar-moves/_astro/client.mxV3x1Xx.js:8:100526)
    at Jy (https://wilsonnet.github.io/guitar-moves/_astro/client.mxV3x1Xx.js:8:102832)
    at Bl (https://wilsonnet.github.io/guitar-moves/_astro/client.mxV3x1Xx.js:8:100526)
    at Jy (https://wilsonnet.github.io/guitar-moves/_astro/client.mxV3x1Xx.js:8:100648)
    at Bl (https://wilsonnet.github.io/guitar-moves/_astro/client.mxV3x1Xx.js:8:100526)
    at Jy (https://wilsonnet.github.io/guitar-moves/_astro/client.mxV3x1Xx.js:8:103249)
    at mv (https://wilsonnet.github.io/guitar-moves/_astro/client.mxV3x1Xx.js:8:118321)
[  205171ms] [ERROR] VexFlow rendering error: C: [RuntimeError] BadArgument: Too many ticks.
    at wt.addTickable (https://wilsonnet.github.io/guitar-moves/_astro/SheetMusic.CB25IuWS.js:1:214236)
    at wt.addTickables (https://wilsonnet.github.io/guitar-moves/_astro/SheetMusic.CB25IuWS.js:1:214549)
    at Me.voice (https://wilsonnet.github.io/guitar-moves/_astro/SheetMusic.CB25IuWS.js:1:188207)
    at https://wilsonnet.github.io/guitar-moves/_astro/SheetMusic.CB25IuWS.js:1:1120861
    at $u (https://wilsonnet.github.io/guitar-moves/_astro/client.mxV3x1Xx.js:8:92398)
    at Wy (https://wilsonnet.github.io/guitar-moves/_astro/client.mxV3x1Xx.js:8:107598)
    at it (https://wilsonnet.github.io/guitar-moves/_astro/client.mxV3x1Xx.js:8:107482)
    at Wy (https://wilsonnet.github.io/guitar-moves/_astro/client.mxV3x1Xx.js:8:107644)
    at sv (https://wilsonnet.github.io/guitar-moves/_astro/client.mxV3x1Xx.js:8:120585)
    at bn (https://wilsonnet.github.io/guitar-moves/_astro/client.mxV3x1Xx.js:8:120365) @ https://wilsonnet.github.io/guitar-moves/_astro/SheetMusic.CB25IuWS.js:0
[  205173ms] NotFoundError: Failed to execute 'removeChild' on 'Node': The node to be removed is not a child of this node.
    at Ly (https://wilsonnet.github.io/guitar-moves/_astro/client.mxV3x1Xx.js:8:98867)
    at Bl (https://wilsonnet.github.io/guitar-moves/_astro/client.mxV3x1Xx.js:8:100400)
    at Jy (https://wilsonnet.github.io/guitar-moves/_astro/client.mxV3x1Xx.js:8:102832)
    at Bl (https://wilsonnet.github.io/guitar-moves/_astro/client.mxV3x1Xx.js:8:100526)
    at Jy (https://wilsonnet.github.io/guitar-moves/_astro/client.mxV3x1Xx.js:8:102832)
    at Bl (https://wilsonnet.github.io/guitar-moves/_astro/client.mxV3x1Xx.js:8:100526)
    at Jy (https://wilsonnet.github.io/guitar-moves/_astro/client.mxV3x1Xx.js:8:100648)
    at Bl (https://wilsonnet.github.io/guitar-moves/_astro/client.mxV3x1Xx.js:8:100526)
    at Jy (https://wilsonnet.github.io/guitar-moves/_astro/client.mxV3x1Xx.js:8:103249)
    at mv (https://wilsonnet.github.io/guitar-moves/_astro/client.mxV3x1Xx.js:8:118321)
[  217384ms] [ERROR] VexFlow rendering error: C: [RuntimeError] IncompleteVoice: Voice does not have enough notes.
    at https://wilsonnet.github.io/guitar-moves/_astro/SheetMusic.CB25IuWS.js:1:273215
    at Array.reduce (<anonymous>)
    at rt.getResolutionMultiplier (https://wilsonnet.github.io/guitar-moves/_astro/SheetMusic.CB25IuWS.js:1:273029)
    at rt.createModifierContexts (https://wilsonnet.github.io/guitar-moves/_astro/SheetMusic.CB25IuWS.js:1:273396)
    at rt.joinVoices (https://wilsonnet.github.io/guitar-moves/_astro/SheetMusic.CB25IuWS.js:1:278696)
    at Hi.format (https://wilsonnet.github.io/guitar-moves/_astro/SheetMusic.CB25IuWS.js:1:294425)
    at https://wilsonnet.github.io/guitar-moves/_astro/SheetMusic.CB25IuWS.js:1:317025
    at Array.forEach (<anonymous>)
    at re.draw (https://wilsonnet.github.io/guitar-moves/_astro/SheetMusic.CB25IuWS.js:1:316998)
    at https://wilsonnet.github.io/guitar-moves/_astro/SheetMusic.CB25IuWS.js:1:1120934 @ https://wilsonnet.github.io/guitar-moves/_astro/SheetMusic.CB25IuWS.js:0
[  217418ms] NotFoundError: Failed to execute 'removeChild' on 'Node': The node to be removed is not a child of this node.
    at Ly (https://wilsonnet.github.io/guitar-moves/_astro/client.mxV3x1Xx.js:8:98867)
    at Bl (https://wilsonnet.github.io/guitar-moves/_astro/client.mxV3x1Xx.js:8:100400)
    at Jy (https://wilsonnet.github.io/guitar-moves/_astro/client.mxV3x1Xx.js:8:102832)
    at Bl (https://wilsonnet.github.io/guitar-moves/_astro/client.mxV3x1Xx.js:8:100526)
    at Jy (https://wilsonnet.github.io/guitar-moves/_astro/client.mxV3x1Xx.js:8:102832)
    at Bl (https://wilsonnet.github.io/guitar-moves/_astro/client.mxV3x1Xx.js:8:100526)
    at Jy (https://wilsonnet.github.io/guitar-moves/_astro/client.mxV3x1Xx.js:8:100648)
    at Bl (https://wilsonnet.github.io/guitar-moves/_astro/client.mxV3x1Xx.js:8:100526)
    at Jy (https://wilsonnet.github.io/guitar-moves/_astro/client.mxV3x1Xx.js:8:103249)
    at mv (https://wilsonnet.github.io/guitar-moves/_astro/client.mxV3x1Xx.js:8:118321)
[  217418ms] NotFoundError: Failed to execute 'removeChild' on 'Node': The node to be removed is not a child of this node.
    at Ly (https://wilsonnet.github.io/guitar-moves/_astro/client.mxV3x1Xx.js:8:98867)
    at Bl (https://wilsonnet.github.io/guitar-moves/_astro/client.mxV3x1Xx.js:8:100400)
    at Jy (https://wilsonnet.github.io/guitar-moves/_astro/client.mxV3x1Xx.js:8:102832)
    at Bl (https://wilsonnet.github.io/guitar-moves/_astro/client.mxV3x1Xx.js:8:100526)
    at Jy (https://wilsonnet.github.io/guitar-moves/_astro/client.mxV3x1Xx.js:8:102832)
    at Bl (https://wilsonnet.github.io/guitar-moves/_astro/client.mxV3x1Xx.js:8:100526)
    at Jy (https://wilsonnet.github.io/guitar-moves/_astro/client.mxV3x1Xx.js:8:100648)
    at Bl (https://wilsonnet.github.io/guitar-moves/_astro/client.mxV3x1Xx.js:8:100526)
    at Jy (https://wilsonnet.github.io/guitar-moves/_astro/client.mxV3x1Xx.js:8:103249)
    at mv (https://wilsonnet.github.io/guitar-moves/_astro/client.mxV3x1Xx.js:8:118321)
[  217396ms] [ERROR] VexFlow rendering error: C: [RuntimeError] BadArgument: Too many ticks.
    at wt.addTickable (https://wilsonnet.github.io/guitar-moves/_astro/SheetMusic.CB25IuWS.js:1:214236)
    at wt.addTickables (https://wilsonnet.github.io/guitar-moves/_astro/SheetMusic.CB25IuWS.js:1:214549)
    at Me.voice (https://wilsonnet.github.io/guitar-moves/_astro/SheetMusic.CB25IuWS.js:1:188207)
    at https://wilsonnet.github.io/guitar-moves/_astro/SheetMusic.CB25IuWS.js:1:1120861
    at $u (https://wilsonnet.github.io/guitar-moves/_astro/client.mxV3x1Xx.js:8:92398)
    at Wy (https://wilsonnet.github.io/guitar-moves/_astro/client.mxV3x1Xx.js:8:107598)
    at it (https://wilsonnet.github.io/guitar-moves/_astro/client.mxV3x1Xx.js:8:107482)
    at Wy (https://wilsonnet.github.io/guitar-moves/_astro/client.mxV3x1Xx.js:8:107644)
    at sv (https://wilsonnet.github.io/guitar-moves/_astro/client.mxV3x1Xx.js:8:120585)
    at bn (https://wilsonnet.github.io/guitar-moves/_astro/client.mxV3x1Xx.js:8:120365) @ https://wilsonnet.github.io/guitar-moves/_astro/SheetMusic.CB25IuWS.js:0
[  217419ms] NotFoundError: Failed to execute 'removeChild' on 'Node': The node to be removed is not a child of this node.
    at Ly (https://wilsonnet.github.io/guitar-moves/_astro/client.mxV3x1Xx.js:8:98867)
    at Bl (https://wilsonnet.github.io/guitar-moves/_astro/client.mxV3x1Xx.js:8:100400)
    at Jy (https://wilsonnet.github.io/guitar-moves/_astro/client.mxV3x1Xx.js:8:102832)
    at Bl (https://wilsonnet.github.io/guitar-moves/_astro/client.mxV3x1Xx.js:8:100526)
    at Jy (https://wilsonnet.github.io/guitar-moves/_astro/client.mxV3x1Xx.js:8:102832)
    at Bl (https://wilsonnet.github.io/guitar-moves/_astro/client.mxV3x1Xx.js:8:100526)
    at Jy (https://wilsonnet.github.io/guitar-moves/_astro/client.mxV3x1Xx.js:8:100648)
    at Bl (https://wilsonnet.github.io/guitar-moves/_astro/client.mxV3x1Xx.js:8:100526)
    at Jy (https://wilsonnet.github.io/guitar-moves/_astro/client.mxV3x1Xx.js:8:103249)
    at mv (https://wilsonnet.github.io/guitar-moves/_astro/client.mxV3x1Xx.js:8:118321)
[  217419ms] NotFoundError: Failed to execute 'removeChild' on 'Node': The node to be removed is not a child of this node.
    at Ly (https://wilsonnet.github.io/guitar-moves/_astro/client.mxV3x1Xx.js:8:98867)
    at Bl (https://wilsonnet.github.io/guitar-moves/_astro/client.mxV3x1Xx.js:8:100400)
    at Jy (https://wilsonnet.github.io/guitar-moves/_astro/client.mxV3x1Xx.js:8:102832)
    at Bl (https://wilsonnet.github.io/guitar-moves/_astro/client.mxV3x1Xx.js:8:100526)
    at Jy (https://wilsonnet.github.io/guitar-moves/_astro/client.mxV3x1Xx.js:8:102832)
    at Bl (https://wilsonnet.github.io/guitar-moves/_astro/client.mxV3x1Xx.js:8:100526)
    at Jy (https://wilsonnet.github.io/guitar-moves/_astro/client.mxV3x1Xx.js:8:100648)
    at Bl (https://wilsonnet.github.io/guitar-moves/_astro/client.mxV3x1Xx.js:8:100526)
    at Jy (https://wilsonnet.github.io/guitar-moves/_astro/client.mxV3x1Xx.js:8:103249)
    at mv (https://wilsonnet.github.io/guitar-moves/_astro/client.mxV3x1Xx.js:8:118321)
[  217404ms] [ERROR] VexFlow rendering error: C: [RuntimeError] BadArgument: Too many ticks.
    at wt.addTickable (https://wilsonnet.github.io/guitar-moves/_astro/SheetMusic.CB25IuWS.js:1:214236)
    at wt.addTickables (https://wilsonnet.github.io/guitar-moves/_astro/SheetMusic.CB25IuWS.js:1:214549)
    at Me.voice (https://wilsonnet.github.io/guitar-moves/_astro/SheetMusic.CB25IuWS.js:1:188207)
    at https://wilsonnet.github.io/guitar-moves/_astro/SheetMusic.CB25IuWS.js:1:1120861
    at $u (https://wilsonnet.github.io/guitar-moves/_astro/client.mxV3x1Xx.js:8:92398)
    at Wy (https://wilsonnet.github.io/guitar-moves/_astro/client.mxV3x1Xx.js:8:107598)
    at it (https://wilsonnet.github.io/guitar-moves/_astro/client.mxV3x1Xx.js:8:107482)
    at Wy (https://wilsonnet.github.io/guitar-moves/_astro/client.mxV3x1Xx.js:8:107644)
    at sv (https://wilsonnet.github.io/guitar-moves/_astro/client.mxV3x1Xx.js:8:120585)
    at bn (https://wilsonnet.github.io/guitar-moves/_astro/client.mxV3x1Xx.js:8:120365) @ https://wilsonnet.github.io/guitar-moves/_astro/SheetMusic.CB25IuWS.js:0
[  217420ms] NotFoundError: Failed to execute 'removeChild' on 'Node': The node to be removed is not a child of this node.
    at Ly (https://wilsonnet.github.io/guitar-moves/_astro/client.mxV3x1Xx.js:8:98867)
    at Bl (https://wilsonnet.github.io/guitar-moves/_astro/client.mxV3x1Xx.js:8:100400)
    at Jy (https://wilsonnet.github.io/guitar-moves/_astro/client.mxV3x1Xx.js:8:102832)
    at Bl (https://wilsonnet.github.io/guitar-moves/_astro/client.mxV3x1Xx.js:8:100526)
    at Jy (https://wilsonnet.github.io/guitar-moves/_astro/client.mxV3x1Xx.js:8:102832)
    at Bl (https://wilsonnet.github.io/guitar-moves/_astro/client.mxV3x1Xx.js:8:100526)
    at Jy (https://wilsonnet.github.io/guitar-moves/_astro/client.mxV3x1Xx.js:8:100648)
    at Bl (https://wilsonnet.github.io/guitar-moves/_astro/client.mxV3x1Xx.js:8:100526)
    at Jy (https://wilsonnet.github.io/guitar-moves/_astro/client.mxV3x1Xx.js:8:103249)
    at mv (https://wilsonnet.github.io/guitar-moves/_astro/client.mxV3x1Xx.js:8:118321)
[  217420ms] NotFoundError: Failed to execute 'removeChild' on 'Node': The node to be removed is not a child of this node.
    at Ly (https://wilsonnet.github.io/guitar-moves/_astro/client.mxV3x1Xx.js:8:98867)
    at Bl (https://wilsonnet.github.io/guitar-moves/_astro/client.mxV3x1Xx.js:8:100400)
    at Jy (https://wilsonnet.github.io/guitar-moves/_astro/client.mxV3x1Xx.js:8:102832)
    at Bl (https://wilsonnet.github.io/guitar-moves/_astro/client.mxV3x1Xx.js:8:100526)
    at Jy (https://wilsonnet.github.io/guitar-moves/_astro/client.mxV3x1Xx.js:8:102832)
    at Bl (https://wilsonnet.github.io/guitar-moves/_astro/client.mxV3x1Xx.js:8:100526)
    at Jy (https://wilsonnet.github.io/guitar-moves/_astro/client.mxV3x1Xx.js:8:100648)
    at Bl (https://wilsonnet.github.io/guitar-moves/_astro/client.mxV3x1Xx.js:8:100526)
    at Jy (https://wilsonnet.github.io/guitar-moves/_astro/client.mxV3x1Xx.js:8:103249)
    at mv (https://wilsonnet.github.io/guitar-moves/_astro/client.mxV3x1Xx.js:8:118321)
[  218640ms] NotFoundError: Failed to execute 'removeChild' on 'Node': The node to be removed is not a child of this node.
    at Ly (https://wilsonnet.github.io/guitar-moves/_astro/client.mxV3x1Xx.js:8:98867)
    at Bl (https://wilsonnet.github.io/guitar-moves/_astro/client.mxV3x1Xx.js:8:100400)
    at Jy (https://wilsonnet.github.io/guitar-moves/_astro/client.mxV3x1Xx.js:8:102832)
    at Bl (https://wilsonnet.github.io/guitar-moves/_astro/client.mxV3x1Xx.js:8:100526)
    at Jy (https://wilsonnet.github.io/guitar-moves/_astro/client.mxV3x1Xx.js:8:102832)
    at Bl (https://wilsonnet.github.io/guitar-moves/_astro/client.mxV3x1Xx.js:8:100526)
    at Jy (https://wilsonnet.github.io/guitar-moves/_astro/client.mxV3x1Xx.js:8:100648)
    at Bl (https://wilsonnet.github.io/guitar-moves/_astro/client.mxV3x1Xx.js:8:100526)
    at Jy (https://wilsonnet.github.io/guitar-moves/_astro/client.mxV3x1Xx.js:8:103249)
    at mv (https://wilsonnet.github.io/guitar-moves/_astro/client.mxV3x1Xx.js:8:118321)
[  218631ms] [ERROR] VexFlow rendering error: C: [RuntimeError] BadArgument: Too many ticks.
    at wt.addTickable (https://wilsonnet.github.io/guitar-moves/_astro/SheetMusic.CB25IuWS.js:1:214236)
    at wt.addTickables (https://wilsonnet.github.io/guitar-moves/_astro/SheetMusic.CB25IuWS.js:1:214549)
    at Me.voice (https://wilsonnet.github.io/guitar-moves/_astro/SheetMusic.CB25IuWS.js:1:188207)
    at https://wilsonnet.github.io/guitar-moves/_astro/SheetMusic.CB25IuWS.js:1:1120861
    at $u (https://wilsonnet.github.io/guitar-moves/_astro/client.mxV3x1Xx.js:8:92398)
    at Wy (https://wilsonnet.github.io/guitar-moves/_astro/client.mxV3x1Xx.js:8:107598)
    at it (https://wilsonnet.github.io/guitar-moves/_astro/client.mxV3x1Xx.js:8:107482)
    at Wy (https://wilsonnet.github.io/guitar-moves/_astro/client.mxV3x1Xx.js:8:107644)
    at sv (https://wilsonnet.github.io/guitar-moves/_astro/client.mxV3x1Xx.js:8:120585)
    at bn (https://wilsonnet.github.io/guitar-moves/_astro/client.mxV3x1Xx.js:8:120365) @ https://wilsonnet.github.io/guitar-moves/_astro/SheetMusic.CB25IuWS.js:0
[  218641ms] NotFoundError: Failed to execute 'removeChild' on 'Node': The node to be removed is not a child of this node.
    at Ly (https://wilsonnet.github.io/guitar-moves/_astro/client.mxV3x1Xx.js:8:98867)
    at Bl (https://wilsonnet.github.io/guitar-moves/_astro/client.mxV3x1Xx.js:8:100400)
    at Jy (https://wilsonnet.github.io/guitar-moves/_astro/client.mxV3x1Xx.js:8:102832)
    at Bl (https://wilsonnet.github.io/guitar-moves/_astro/client.mxV3x1Xx.js:8:100526)
    at Jy (https://wilsonnet.github.io/guitar-moves/_astro/client.mxV3x1Xx.js:8:102832)
    at Bl (https://wilsonnet.github.io/guitar-moves/_astro/client.mxV3x1Xx.js:8:100526)
    at Jy (https://wilsonnet.github.io/guitar-moves/_astro/client.mxV3x1Xx.js:8:100648)
    at Bl (https://wilsonnet.github.io/guitar-moves/_astro/client.mxV3x1Xx.js:8:100526)
    at Jy (https://wilsonnet.github.io/guitar-moves/_astro/client.mxV3x1Xx.js:8:103249)
    at mv (https://wilsonnet.github.io/guitar-moves/_astro/client.mxV3x1Xx.js:8:118321)
[  218633ms] [ERROR] VexFlow rendering error: C: [RuntimeError] IncompleteVoice: Voice does not have enough notes.
    at https://wilsonnet.github.io/guitar-moves/_astro/SheetMusic.CB25IuWS.js:1:273215
    at Array.reduce (<anonymous>)
    at rt.getResolutionMultiplier (https://wilsonnet.github.io/guitar-moves/_astro/SheetMusic.CB25IuWS.js:1:273029)
    at rt.createModifierContexts (https://wilsonnet.github.io/guitar-moves/_astro/SheetMusic.CB25IuWS.js:1:273396)
    at rt.joinVoices (https://wilsonnet.github.io/guitar-moves/_astro/SheetMusic.CB25IuWS.js:1:278696)
    at Hi.format (https://wilsonnet.github.io/guitar-moves/_astro/SheetMusic.CB25IuWS.js:1:294425)
    at https://wilsonnet.github.io/guitar-moves/_astro/SheetMusic.CB25IuWS.js:1:317025
    at Array.forEach (<anonymous>)
    at re.draw (https://wilsonnet.github.io/guitar-moves/_astro/SheetMusic.CB25IuWS.js:1:316998)
    at https://wilsonnet.github.io/guitar-moves/_astro/SheetMusic.CB25IuWS.js:1:1120934 @ https://wilsonnet.github.io/guitar-moves/_astro/SheetMusic.CB25IuWS.js:0
[  218641ms] NotFoundError: Failed to execute 'removeChild' on 'Node': The node to be removed is not a child of this node.
    at Ly (https://wilsonnet.github.io/guitar-moves/_astro/client.mxV3x1Xx.js:8:98867)
    at Bl (https://wilsonnet.github.io/guitar-moves/_astro/client.mxV3x1Xx.js:8:100400)
    at Jy (https://wilsonnet.github.io/guitar-moves/_astro/client.mxV3x1Xx.js:8:102832)
    at Bl (https://wilsonnet.github.io/guitar-moves/_astro/client.mxV3x1Xx.js:8:100526)
    at Jy (https://wilsonnet.github.io/guitar-moves/_astro/client.mxV3x1Xx.js:8:102832)
    at Bl (https://wilsonnet.github.io/guitar-moves/_astro/client.mxV3x1Xx.js:8:100526)
    at Jy (https://wilsonnet.github.io/guitar-moves/_astro/client.mxV3x1Xx.js:8:100648)
    at Bl (https://wilsonnet.github.io/guitar-moves/_astro/client.mxV3x1Xx.js:8:100526)
    at Jy (https://wilsonnet.github.io/guitar-moves/_astro/client.mxV3x1Xx.js:8:103249)
    at mv (https://wilsonnet.github.io/guitar-moves/_astro/client.mxV3x1Xx.js:8:118321)
[  218646ms] NotFoundError: Failed to execute 'removeChild' on 'Node': The node to be removed is not a child of this node.
    at Ly (https://wilsonnet.github.io/guitar-moves/_astro/client.mxV3x1Xx.js:8:98867)
    at Bl (https://wilsonnet.github.io/guitar-moves/_astro/client.mxV3x1Xx.js:8:100400)
    at Jy (https://wilsonnet.github.io/guitar-moves/_astro/client.mxV3x1Xx.js:8:102832)
    at Bl (https://wilsonnet.github.io/guitar-moves/_astro/client.mxV3x1Xx.js:8:100526)
    at Jy (https://wilsonnet.github.io/guitar-moves/_astro/client.mxV3x1Xx.js:8:102832)
    at Bl (https://wilsonnet.github.io/guitar-moves/_astro/client.mxV3x1Xx.js:8:100526)
    at Jy (https://wilsonnet.github.io/guitar-moves/_astro/client.mxV3x1Xx.js:8:100648)
    at Bl (https://wilsonnet.github.io/guitar-moves/_astro/client.mxV3x1Xx.js:8:100526)
    at Jy (https://wilsonnet.github.io/guitar-moves/_astro/client.mxV3x1Xx.js:8:103249)
    at mv (https://wilsonnet.github.io/guitar-moves/_astro/client.mxV3x1Xx.js:8:118321)
[  218651ms] [ERROR] VexFlow rendering error: C: [RuntimeError] BadArgument: Too many ticks.
    at wt.addTickable (https://wilsonnet.github.io/guitar-moves/_astro/SheetMusic.CB25IuWS.js:1:214236)
    at wt.addTickables (https://wilsonnet.github.io/guitar-moves/_astro/SheetMusic.CB25IuWS.js:1:214549)
    at Me.voice (https://wilsonnet.github.io/guitar-moves/_astro/SheetMusic.CB25IuWS.js:1:188207)
    at https://wilsonnet.github.io/guitar-moves/_astro/SheetMusic.CB25IuWS.js:1:1120861
    at $u (https://wilsonnet.github.io/guitar-moves/_astro/client.mxV3x1Xx.js:8:92398)
    at Wy (https://wilsonnet.github.io/guitar-moves/_astro/client.mxV3x1Xx.js:8:107598)
    at it (https://wilsonnet.github.io/guitar-moves/_astro/client.mxV3x1Xx.js:8:107482)
    at Wy (https://wilsonnet.github.io/guitar-moves/_astro/client.mxV3x1Xx.js:8:107644)
    at sv (https://wilsonnet.github.io/guitar-moves/_astro/client.mxV3x1Xx.js:8:120585)
    at bn (https://wilsonnet.github.io/guitar-moves/_astro/client.mxV3x1Xx.js:8:120365) @ https://wilsonnet.github.io/guitar-moves/_astro/SheetMusic.CB25IuWS.js:0
[  218652ms] NotFoundError: Failed to execute 'removeChild' on 'Node': The node to be removed is not a child of this node.
    at Ly (https://wilsonnet.github.io/guitar-moves/_astro/client.mxV3x1Xx.js:8:98867)
    at Bl (https://wilsonnet.github.io/guitar-moves/_astro/client.mxV3x1Xx.js:8:100400)
    at Jy (https://wilsonnet.github.io/guitar-moves/_astro/client.mxV3x1Xx.js:8:102832)
    at Bl (https://wilsonnet.github.io/guitar-moves/_astro/client.mxV3x1Xx.js:8:100526)
    at Jy (https://wilsonnet.github.io/guitar-moves/_astro/client.mxV3x1Xx.js:8:102832)
    at Bl (https://wilsonnet.github.io/guitar-moves/_astro/client.mxV3x1Xx.js:8:100526)
    at Jy (https://wilsonnet.github.io/guitar-moves/_astro/client.mxV3x1Xx.js:8:100648)
    at Bl (https://wilsonnet.github.io/guitar-moves/_astro/client.mxV3x1Xx.js:8:100526)
    at Jy (https://wilsonnet.github.io/guitar-moves/_astro/client.mxV3x1Xx.js:8:103249)
    at mv (https://wilsonnet.github.io/guitar-moves/_astro/client.mxV3x1Xx.js:8:118321)
[  218660ms] NotFoundError: Failed to execute 'removeChild' on 'Node': The node to be removed is not a child of this node.
    at Ly (https://wilsonnet.github.io/guitar-moves/_astro/client.mxV3x1Xx.js:8:98867)
    at Bl (https://wilsonnet.github.io/guitar-moves/_astro/client.mxV3x1Xx.js:8:100400)
    at Jy (https://wilsonnet.github.io/guitar-moves/_astro/client.mxV3x1Xx.js:8:102832)
    at Bl (https://wilsonnet.github.io/guitar-moves/_astro/client.mxV3x1Xx.js:8:100526)
    at Jy (https://wilsonnet.github.io/guitar-moves/_astro/client.mxV3x1Xx.js:8:102832)
    at Bl (https://wilsonnet.github.io/guitar-moves/_astro/client.mxV3x1Xx.js:8:100526)
    at Jy (https://wilsonnet.github.io/guitar-moves/_astro/client.mxV3x1Xx.js:8:100648)
    at Bl (https://wilsonnet.github.io/guitar-moves/_astro/client.mxV3x1Xx.js:8:100526)
    at Jy (https://wilsonnet.github.io/guitar-moves/_astro/client.mxV3x1Xx.js:8:103249)
    at mv (https://wilsonnet.github.io/guitar-moves/_astro/client.mxV3x1Xx.js:8:118321)
[  219164ms] NotFoundError: Failed to execute 'removeChild' on 'Node': The node to be removed is not a child of this node.
    at Ly (https://wilsonnet.github.io/guitar-moves/_astro/client.mxV3x1Xx.js:8:98867)
    at Bl (https://wilsonnet.github.io/guitar-moves/_astro/client.mxV3x1Xx.js:8:100400)
    at Jy (https://wilsonnet.github.io/guitar-moves/_astro/client.mxV3x1Xx.js:8:102832)
    at Bl (https://wilsonnet.github.io/guitar-moves/_astro/client.mxV3x1Xx.js:8:100526)
    at Jy (https://wilsonnet.github.io/guitar-moves/_astro/client.mxV3x1Xx.js:8:102832)
    at Bl (https://wilsonnet.github.io/guitar-moves/_astro/client.mxV3x1Xx.js:8:100526)
    at Jy (https://wilsonnet.github.io/guitar-moves/_astro/client.mxV3x1Xx.js:8:100648)
    at Bl (https://wilsonnet.github.io/guitar-moves/_astro/client.mxV3x1Xx.js:8:100526)
    at Jy (https://wilsonnet.github.io/guitar-moves/_astro/client.mxV3x1Xx.js:8:103249)
    at mv (https://wilsonnet.github.io/guitar-moves/_astro/client.mxV3x1Xx.js:8:118321)
[  219137ms] [ERROR] VexFlow rendering error: C: [RuntimeError] BadArgument: Too many ticks.
    at wt.addTickable (https://wilsonnet.github.io/guitar-moves/_astro/SheetMusic.CB25IuWS.js:1:214236)
    at wt.addTickables (https://wilsonnet.github.io/guitar-moves/_astro/SheetMusic.CB25IuWS.js:1:214549)
    at Me.voice (https://wilsonnet.github.io/guitar-moves/_astro/SheetMusic.CB25IuWS.js:1:188207)
    at https://wilsonnet.github.io/guitar-moves/_astro/SheetMusic.CB25IuWS.js:1:1120861
    at $u (https://wilsonnet.github.io/guitar-moves/_astro/client.mxV3x1Xx.js:8:92398)
    at Wy (https://wilsonnet.github.io/guitar-moves/_astro/client.mxV3x1Xx.js:8:107598)
    at it (https://wilsonnet.github.io/guitar-moves/_astro/client.mxV3x1Xx.js:8:107482)
    at Wy (https://wilsonnet.github.io/guitar-moves/_astro/client.mxV3x1Xx.js:8:107644)
    at sv (https://wilsonnet.github.io/guitar-moves/_astro/client.mxV3x1Xx.js:8:120585)
    at bn (https://wilsonnet.github.io/guitar-moves/_astro/client.mxV3x1Xx.js:8:120365) @ https://wilsonnet.github.io/guitar-moves/_astro/SheetMusic.CB25IuWS.js:0
[  219165ms] NotFoundError: Failed to execute 'removeChild' on 'Node': The node to be removed is not a child of this node.
    at Ly (https://wilsonnet.github.io/guitar-moves/_astro/client.mxV3x1Xx.js:8:98867)
    at Bl (https://wilsonnet.github.io/guitar-moves/_astro/client.mxV3x1Xx.js:8:100400)
    at Jy (https://wilsonnet.github.io/guitar-moves/_astro/client.mxV3x1Xx.js:8:102832)
    at Bl (https://wilsonnet.github.io/guitar-moves/_astro/client.mxV3x1Xx.js:8:100526)
    at Jy (https://wilsonnet.github.io/guitar-moves/_astro/client.mxV3x1Xx.js:8:102832)
    at Bl (https://wilsonnet.github.io/guitar-moves/_astro/client.mxV3x1Xx.js:8:100526)
    at Jy (https://wilsonnet.github.io/guitar-moves/_astro/client.mxV3x1Xx.js:8:100648)
    at Bl (https://wilsonnet.github.io/guitar-moves/_astro/client.mxV3x1Xx.js:8:100526)
    at Jy (https://wilsonnet.github.io/guitar-moves/_astro/client.mxV3x1Xx.js:8:103249)
    at mv (https://wilsonnet.github.io/guitar-moves/_astro/client.mxV3x1Xx.js:8:118321)
[  219139ms] [ERROR] VexFlow rendering error: C: [RuntimeError] IncompleteVoice: Voice does not have enough notes.
    at https://wilsonnet.github.io/guitar-moves/_astro/SheetMusic.CB25IuWS.js:1:273215
    at Array.reduce (<anonymous>)
    at rt.getResolutionMultiplier (https://wilsonnet.github.io/guitar-moves/_astro/SheetMusic.CB25IuWS.js:1:273029)
    at rt.createModifierContexts (https://wilsonnet.github.io/guitar-moves/_astro/SheetMusic.CB25IuWS.js:1:273396)
    at rt.joinVoices (https://wilsonnet.github.io/guitar-moves/_astro/SheetMusic.CB25IuWS.js:1:278696)
    at Hi.format (https://wilsonnet.github.io/guitar-moves/_astro/SheetMusic.CB25IuWS.js:1:294425)
    at https://wilsonnet.github.io/guitar-moves/_astro/SheetMusic.CB25IuWS.js:1:317025
    at Array.forEach (<anonymous>)
    at re.draw (https://wilsonnet.github.io/guitar-moves/_astro/SheetMusic.CB25IuWS.js:1:316998)
    at https://wilsonnet.github.io/guitar-moves/_astro/SheetMusic.CB25IuWS.js:1:1120934 @ https://wilsonnet.github.io/guitar-moves/_astro/SheetMusic.CB25IuWS.js:0
[  219166ms] NotFoundError: Failed to execute 'removeChild' on 'Node': The node to be removed is not a child of this node.
    at Ly (https://wilsonnet.github.io/guitar-moves/_astro/client.mxV3x1Xx.js:8:98867)
    at Bl (https://wilsonnet.github.io/guitar-moves/_astro/client.mxV3x1Xx.js:8:100400)
    at Jy (https://wilsonnet.github.io/guitar-moves/_astro/client.mxV3x1Xx.js:8:102832)
    at Bl (https://wilsonnet.github.io/guitar-moves/_astro/client.mxV3x1Xx.js:8:100526)
    at Jy (https://wilsonnet.github.io/guitar-moves/_astro/client.mxV3x1Xx.js:8:102832)
    at Bl (https://wilsonnet.github.io/guitar-moves/_astro/client.mxV3x1Xx.js:8:100526)
    at Jy (https://wilsonnet.github.io/guitar-moves/_astro/client.mxV3x1Xx.js:8:100648)
    at Bl (https://wilsonnet.github.io/guitar-moves/_astro/client.mxV3x1Xx.js:8:100526)
    at Jy (https://wilsonnet.github.io/guitar-moves/_astro/client.mxV3x1Xx.js:8:103249)
    at mv (https://wilsonnet.github.io/guitar-moves/_astro/client.mxV3x1Xx.js:8:118321)
[  219167ms] NotFoundError: Failed to execute 'removeChild' on 'Node': The node to be removed is not a child of this node.
    at Ly (https://wilsonnet.github.io/guitar-moves/_astro/client.mxV3x1Xx.js:8:98867)
    at Bl (https://wilsonnet.github.io/guitar-moves/_astro/client.mxV3x1Xx.js:8:100400)
    at Jy (https://wilsonnet.github.io/guitar-moves/_astro/client.mxV3x1Xx.js:8:102832)
    at Bl (https://wilsonnet.github.io/guitar-moves/_astro/client.mxV3x1Xx.js:8:100526)
    at Jy (https://wilsonnet.github.io/guitar-moves/_astro/client.mxV3x1Xx.js:8:102832)
    at Bl (https://wilsonnet.github.io/guitar-moves/_astro/client.mxV3x1Xx.js:8:100526)
    at Jy (https://wilsonnet.github.io/guitar-moves/_astro/client.mxV3x1Xx.js:8:100648)
    at Bl (https://wilsonnet.github.io/guitar-moves/_astro/client.mxV3x1Xx.js:8:100526)
    at Jy (https://wilsonnet.github.io/guitar-moves/_astro/client.mxV3x1Xx.js:8:103249)
    at mv (https://wilsonnet.github.io/guitar-moves/_astro/client.mxV3x1Xx.js:8:118321)
[  219154ms] [ERROR] VexFlow rendering error: C: [RuntimeError] BadArgument: Too many ticks.
    at wt.addTickable (https://wilsonnet.github.io/guitar-moves/_astro/SheetMusic.CB25IuWS.js:1:214236)
    at wt.addTickables (https://wilsonnet.github.io/guitar-moves/_astro/SheetMusic.CB25IuWS.js:1:214549)
    at Me.voice (https://wilsonnet.github.io/guitar-moves/_astro/SheetMusic.CB25IuWS.js:1:188207)
    at https://wilsonnet.github.io/guitar-moves/_astro/SheetMusic.CB25IuWS.js:1:1120861
    at $u (https://wilsonnet.github.io/guitar-moves/_astro/client.mxV3x1Xx.js:8:92398)
    at Wy (https://wilsonnet.github.io/guitar-moves/_astro/client.mxV3x1Xx.js:8:107598)
    at it (https://wilsonnet.github.io/guitar-moves/_astro/client.mxV3x1Xx.js:8:107482)
    at Wy (https://wilsonnet.github.io/guitar-moves/_astro/client.mxV3x1Xx.js:8:107644)
    at sv (https://wilsonnet.github.io/guitar-moves/_astro/client.mxV3x1Xx.js:8:120585)
    at bn (https://wilsonnet.github.io/guitar-moves/_astro/client.mxV3x1Xx.js:8:120365) @ https://wilsonnet.github.io/guitar-moves/_astro/SheetMusic.CB25IuWS.js:0
[  219169ms] NotFoundError: Failed to execute 'removeChild' on 'Node': The node to be removed is not a child of this node.
    at Ly (https://wilsonnet.github.io/guitar-moves/_astro/client.mxV3x1Xx.js:8:98867)
    at Bl (https://wilsonnet.github.io/guitar-moves/_astro/client.mxV3x1Xx.js:8:100400)
    at Jy (https://wilsonnet.github.io/guitar-moves/_astro/client.mxV3x1Xx.js:8:102832)
    at Bl (https://wilsonnet.github.io/guitar-moves/_astro/client.mxV3x1Xx.js:8:100526)
    at Jy (https://wilsonnet.github.io/guitar-moves/_astro/client.mxV3x1Xx.js:8:102832)
    at Bl (https://wilsonnet.github.io/guitar-moves/_astro/client.mxV3x1Xx.js:8:100526)
    at Jy (https://wilsonnet.github.io/guitar-moves/_astro/client.mxV3x1Xx.js:8:100648)
    at Bl (https://wilsonnet.github.io/guitar-moves/_astro/client.mxV3x1Xx.js:8:100526)
    at Jy (https://wilsonnet.github.io/guitar-moves/_astro/client.mxV3x1Xx.js:8:103249)
    at mv (https://wilsonnet.github.io/guitar-moves/_astro/client.mxV3x1Xx.js:8:118321)
[  219169ms] NotFoundError: Failed to execute 'removeChild' on 'Node': The node to be removed is not a child of this node.
    at Ly (https://wilsonnet.github.io/guitar-moves/_astro/client.mxV3x1Xx.js:8:98867)
    at Bl (https://wilsonnet.github.io/guitar-moves/_astro/client.mxV3x1Xx.js:8:100400)
    at Jy (https://wilsonnet.github.io/guitar-moves/_astro/client.mxV3x1Xx.js:8:102832)
    at Bl (https://wilsonnet.github.io/guitar-moves/_astro/client.mxV3x1Xx.js:8:100526)
    at Jy (https://wilsonnet.github.io/guitar-moves/_astro/client.mxV3x1Xx.js:8:102832)
    at Bl (https://wilsonnet.github.io/guitar-moves/_astro/client.mxV3x1Xx.js:8:100526)
    at Jy (https://wilsonnet.github.io/guitar-moves/_astro/client.mxV3x1Xx.js:8:100648)
    at Bl (https://wilsonnet.github.io/guitar-moves/_astro/client.mxV3x1Xx.js:8:100526)
    at Jy (https://wilsonnet.github.io/guitar-moves/_astro/client.mxV3x1Xx.js:8:103249)
    at mv (https://wilsonnet.github.io/guitar-moves/_astro/client.mxV3x1Xx.js:8:118321)
[  220032ms] NotFoundError: Failed to execute 'removeChild' on 'Node': The node to be removed is not a child of this node.
    at Ly (https://wilsonnet.github.io/guitar-moves/_astro/client.mxV3x1Xx.js:8:98867)
    at Bl (https://wilsonnet.github.io/guitar-moves/_astro/client.mxV3x1Xx.js:8:100400)
    at Jy (https://wilsonnet.github.io/guitar-moves/_astro/client.mxV3x1Xx.js:8:102832)
    at Bl (https://wilsonnet.github.io/guitar-moves/_astro/client.mxV3x1Xx.js:8:100526)
    at Jy (https://wilsonnet.github.io/guitar-moves/_astro/client.mxV3x1Xx.js:8:102832)
    at Bl (https://wilsonnet.github.io/guitar-moves/_astro/client.mxV3x1Xx.js:8:100526)
    at Jy (https://wilsonnet.github.io/guitar-moves/_astro/client.mxV3x1Xx.js:8:100648)
    at Bl (https://wilsonnet.github.io/guitar-moves/_astro/client.mxV3x1Xx.js:8:100526)
    at Jy (https://wilsonnet.github.io/guitar-moves/_astro/client.mxV3x1Xx.js:8:103249)
    at mv (https://wilsonnet.github.io/guitar-moves/_astro/client.mxV3x1Xx.js:8:118321)
[  220009ms] [ERROR] VexFlow rendering error: C: [RuntimeError] BadArgument: Too many ticks.
    at wt.addTickable (https://wilsonnet.github.io/guitar-moves/_astro/SheetMusic.CB25IuWS.js:1:214236)
    at wt.addTickables (https://wilsonnet.github.io/guitar-moves/_astro/SheetMusic.CB25IuWS.js:1:214549)
    at Me.voice (https://wilsonnet.github.io/guitar-moves/_astro/SheetMusic.CB25IuWS.js:1:188207)
    at https://wilsonnet.github.io/guitar-moves/_astro/SheetMusic.CB25IuWS.js:1:1120861
    at $u (https://wilsonnet.github.io/guitar-moves/_astro/client.mxV3x1Xx.js:8:92398)
    at Wy (https://wilsonnet.github.io/guitar-moves/_astro/client.mxV3x1Xx.js:8:107598)
    at it (https://wilsonnet.github.io/guitar-moves/_astro/client.mxV3x1Xx.js:8:107482)
    at Wy (https://wilsonnet.github.io/guitar-moves/_astro/client.mxV3x1Xx.js:8:107644)
    at sv (https://wilsonnet.github.io/guitar-moves/_astro/client.mxV3x1Xx.js:8:120585)
    at bn (https://wilsonnet.github.io/guitar-moves/_astro/client.mxV3x1Xx.js:8:120365) @ https://wilsonnet.github.io/guitar-moves/_astro/SheetMusic.CB25IuWS.js:0
[  220033ms] NotFoundError: Failed to execute 'removeChild' on 'Node': The node to be removed is not a child of this node.
    at Ly (https://wilsonnet.github.io/guitar-moves/_astro/client.mxV3x1Xx.js:8:98867)
    at Bl (https://wilsonnet.github.io/guitar-moves/_astro/client.mxV3x1Xx.js:8:100400)
    at Jy (https://wilsonnet.github.io/guitar-moves/_astro/client.mxV3x1Xx.js:8:102832)
    at Bl (https://wilsonnet.github.io/guitar-moves/_astro/client.mxV3x1Xx.js:8:100526)
    at Jy (https://wilsonnet.github.io/guitar-moves/_astro/client.mxV3x1Xx.js:8:102832)
    at Bl (https://wilsonnet.github.io/guitar-moves/_astro/client.mxV3x1Xx.js:8:100526)
    at Jy (https://wilsonnet.github.io/guitar-moves/_astro/client.mxV3x1Xx.js:8:100648)
    at Bl (https://wilsonnet.github.io/guitar-moves/_astro/client.mxV3x1Xx.js:8:100526)
    at Jy (https://wilsonnet.github.io/guitar-moves/_astro/client.mxV3x1Xx.js:8:103249)
    at mv (https://wilsonnet.github.io/guitar-moves/_astro/client.mxV3x1Xx.js:8:118321)
[  220012ms] [ERROR] VexFlow rendering error: C: [RuntimeError] IncompleteVoice: Voice does not have enough notes.
    at https://wilsonnet.github.io/guitar-moves/_astro/SheetMusic.CB25IuWS.js:1:273215
    at Array.reduce (<anonymous>)
    at rt.getResolutionMultiplier (https://wilsonnet.github.io/guitar-moves/_astro/SheetMusic.CB25IuWS.js:1:273029)
    at rt.createModifierContexts (https://wilsonnet.github.io/guitar-moves/_astro/SheetMusic.CB25IuWS.js:1:273396)
    at rt.joinVoices (https://wilsonnet.github.io/guitar-moves/_astro/SheetMusic.CB25IuWS.js:1:278696)
    at Hi.format (https://wilsonnet.github.io/guitar-moves/_astro/SheetMusic.CB25IuWS.js:1:294425)
    at https://wilsonnet.github.io/guitar-moves/_astro/SheetMusic.CB25IuWS.js:1:317025
    at Array.forEach (<anonymous>)
    at re.draw (https://wilsonnet.github.io/guitar-moves/_astro/SheetMusic.CB25IuWS.js:1:316998)
    at https://wilsonnet.github.io/guitar-moves/_astro/SheetMusic.CB25IuWS.js:1:1120934 @ https://wilsonnet.github.io/guitar-moves/_astro/SheetMusic.CB25IuWS.js:0
[  220033ms] NotFoundError: Failed to execute 'removeChild' on 'Node': The node to be removed is not a child of this node.
    at Ly (https://wilsonnet.github.io/guitar-moves/_astro/client.mxV3x1Xx.js:8:98867)
    at Bl (https://wilsonnet.github.io/guitar-moves/_astro/client.mxV3x1Xx.js:8:100400)
    at Jy (https://wilsonnet.github.io/guitar-moves/_astro/client.mxV3x1Xx.js:8:102832)
    at Bl (https://wilsonnet.github.io/guitar-moves/_astro/client.mxV3x1Xx.js:8:100526)
    at Jy (https://wilsonnet.github.io/guitar-moves/_astro/client.mxV3x1Xx.js:8:102832)
    at Bl (https://wilsonnet.github.io/guitar-moves/_astro/client.mxV3x1Xx.js:8:100526)
    at Jy (https://wilsonnet.github.io/guitar-moves/_astro/client.mxV3x1Xx.js:8:100648)
    at Bl (https://wilsonnet.github.io/guitar-moves/_astro/client.mxV3x1Xx.js:8:100526)
    at Jy (https://wilsonnet.github.io/guitar-moves/_astro/client.mxV3x1Xx.js:8:103249)
    at mv (https://wilsonnet.github.io/guitar-moves/_astro/client.mxV3x1Xx.js:8:118321)
[  220033ms] NotFoundError: Failed to execute 'removeChild' on 'Node': The node to be removed is not a child of this node.
    at Ly (https://wilsonnet.github.io/guitar-moves/_astro/client.mxV3x1Xx.js:8:98867)
    at Bl (https://wilsonnet.github.io/guitar-moves/_astro/client.mxV3x1Xx.js:8:100400)
    at Jy (https://wilsonnet.github.io/guitar-moves/_astro/client.mxV3x1Xx.js:8:102832)
    at Bl (https://wilsonnet.github.io/guitar-moves/_astro/client.mxV3x1Xx.js:8:100526)
    at Jy (https://wilsonnet.github.io/guitar-moves/_astro/client.mxV3x1Xx.js:8:102832)
    at Bl (https://wilsonnet.github.io/guitar-moves/_astro/client.mxV3x1Xx.js:8:100526)
    at Jy (https://wilsonnet.github.io/guitar-moves/_astro/client.mxV3x1Xx.js:8:100648)
    at Bl (https://wilsonnet.github.io/guitar-moves/_astro/client.mxV3x1Xx.js:8:100526)
    at Jy (https://wilsonnet.github.io/guitar-moves/_astro/client.mxV3x1Xx.js:8:103249)
    at mv (https://wilsonnet.github.io/guitar-moves/_astro/client.mxV3x1Xx.js:8:118321)
[  220031ms] [ERROR] VexFlow rendering error: C: [RuntimeError] BadArgument: Too many ticks.
    at wt.addTickable (https://wilsonnet.github.io/guitar-moves/_astro/SheetMusic.CB25IuWS.js:1:214236)
    at wt.addTickables (https://wilsonnet.github.io/guitar-moves/_astro/SheetMusic.CB25IuWS.js:1:214549)
    at Me.voice (https://wilsonnet.github.io/guitar-moves/_astro/SheetMusic.CB25IuWS.js:1:188207)
    at https://wilsonnet.github.io/guitar-moves/_astro/SheetMusic.CB25IuWS.js:1:1120861
    at $u (https://wilsonnet.github.io/guitar-moves/_astro/client.mxV3x1Xx.js:8:92398)
    at Wy (https://wilsonnet.github.io/guitar-moves/_astro/client.mxV3x1Xx.js:8:107598)
    at it (https://wilsonnet.github.io/guitar-moves/_astro/client.mxV3x1Xx.js:8:107482)
    at Wy (https://wilsonnet.github.io/guitar-moves/_astro/client.mxV3x1Xx.js:8:107644)
    at sv (https://wilsonnet.github.io/guitar-moves/_astro/client.mxV3x1Xx.js:8:120585)
    at bn (https://wilsonnet.github.io/guitar-moves/_astro/client.mxV3x1Xx.js:8:120365) @ https://wilsonnet.github.io/guitar-moves/_astro/SheetMusic.CB25IuWS.js:0
[  220034ms] NotFoundError: Failed to execute 'removeChild' on 'Node': The node to be removed is not a child of this node.
    at Ly (https://wilsonnet.github.io/guitar-moves/_astro/client.mxV3x1Xx.js:8:98867)
    at Bl (https://wilsonnet.github.io/guitar-moves/_astro/client.mxV3x1Xx.js:8:100400)
    at Jy (https://wilsonnet.github.io/guitar-moves/_astro/client.mxV3x1Xx.js:8:102832)
    at Bl (https://wilsonnet.github.io/guitar-moves/_astro/client.mxV3x1Xx.js:8:100526)
    at Jy (https://wilsonnet.github.io/guitar-moves/_astro/client.mxV3x1Xx.js:8:102832)
    at Bl (https://wilsonnet.github.io/guitar-moves/_astro/client.mxV3x1Xx.js:8:100526)
    at Jy (https://wilsonnet.github.io/guitar-moves/_astro/client.mxV3x1Xx.js:8:100648)
    at Bl (https://wilsonnet.github.io/guitar-moves/_astro/client.mxV3x1Xx.js:8:100526)
    at Jy (https://wilsonnet.github.io/guitar-moves/_astro/client.mxV3x1Xx.js:8:103249)
    at mv (https://wilsonnet.github.io/guitar-moves/_astro/client.mxV3x1Xx.js:8:118321)
[  220041ms] NotFoundError: Failed to execute 'removeChild' on 'Node': The node to be removed is not a child of this node.
    at Ly (https://wilsonnet.github.io/guitar-moves/_astro/client.mxV3x1Xx.js:8:98867)
    at Bl (https://wilsonnet.github.io/guitar-moves/_astro/client.mxV3x1Xx.js:8:100400)
    at Jy (https://wilsonnet.github.io/guitar-moves/_astro/client.mxV3x1Xx.js:8:102832)
    at Bl (https://wilsonnet.github.io/guitar-moves/_astro/client.mxV3x1Xx.js:8:100526)
    at Jy (https://wilsonnet.github.io/guitar-moves/_astro/client.mxV3x1Xx.js:8:102832)
    at Bl (https://wilsonnet.github.io/guitar-moves/_astro/client.mxV3x1Xx.js:8:100526)
    at Jy (https://wilsonnet.github.io/guitar-moves/_astro/client.mxV3x1Xx.js:8:100648)
    at Bl (https://wilsonnet.github.io/guitar-moves/_astro/client.mxV3x1Xx.js:8:100526)
    at Jy (https://wilsonnet.github.io/guitar-moves/_astro/client.mxV3x1Xx.js:8:103249)
    at mv (https://wilsonnet.github.io/guitar-moves/_astro/client.mxV3x1Xx.js:8:118321)
[  220278ms] NotFoundError: Failed to execute 'removeChild' on 'Node': The node to be removed is not a child of this node.
    at Ly (https://wilsonnet.github.io/guitar-moves/_astro/client.mxV3x1Xx.js:8:98867)
    at Bl (https://wilsonnet.github.io/guitar-moves/_astro/client.mxV3x1Xx.js:8:100400)
    at Jy (https://wilsonnet.github.io/guitar-moves/_astro/client.mxV3x1Xx.js:8:102832)
    at Bl (https://wilsonnet.github.io/guitar-moves/_astro/client.mxV3x1Xx.js:8:100526)
    at Jy (https://wilsonnet.github.io/guitar-moves/_astro/client.mxV3x1Xx.js:8:102832)
    at Bl (https://wilsonnet.github.io/guitar-moves/_astro/client.mxV3x1Xx.js:8:100526)
    at Jy (https://wilsonnet.github.io/guitar-moves/_astro/client.mxV3x1Xx.js:8:100648)
    at Bl (https://wilsonnet.github.io/guitar-moves/_astro/client.mxV3x1Xx.js:8:100526)
    at Jy (https://wilsonnet.github.io/guitar-moves/_astro/client.mxV3x1Xx.js:8:103249)
    at mv (https://wilsonnet.github.io/guitar-moves/_astro/client.mxV3x1Xx.js:8:118321)
[  220253ms] [ERROR] VexFlow rendering error: C: [RuntimeError] BadArgument: Too many ticks.
    at wt.addTickable (https://wilsonnet.github.io/guitar-moves/_astro/SheetMusic.CB25IuWS.js:1:214236)
    at wt.addTickables (https://wilsonnet.github.io/guitar-moves/_astro/SheetMusic.CB25IuWS.js:1:214549)
    at Me.voice (https://wilsonnet.github.io/guitar-moves/_astro/SheetMusic.CB25IuWS.js:1:188207)
    at https://wilsonnet.github.io/guitar-moves/_astro/SheetMusic.CB25IuWS.js:1:1120861
    at $u (https://wilsonnet.github.io/guitar-moves/_astro/client.mxV3x1Xx.js:8:92398)
    at Wy (https://wilsonnet.github.io/guitar-moves/_astro/client.mxV3x1Xx.js:8:107598)
    at it (https://wilsonnet.github.io/guitar-moves/_astro/client.mxV3x1Xx.js:8:107482)
    at Wy (https://wilsonnet.github.io/guitar-moves/_astro/client.mxV3x1Xx.js:8:107644)
    at sv (https://wilsonnet.github.io/guitar-moves/_astro/client.mxV3x1Xx.js:8:120585)
    at bn (https://wilsonnet.github.io/guitar-moves/_astro/client.mxV3x1Xx.js:8:120365) @ https://wilsonnet.github.io/guitar-moves/_astro/SheetMusic.CB25IuWS.js:0
[  220279ms] NotFoundError: Failed to execute 'removeChild' on 'Node': The node to be removed is not a child of this node.
    at Ly (https://wilsonnet.github.io/guitar-moves/_astro/client.mxV3x1Xx.js:8:98867)
    at Bl (https://wilsonnet.github.io/guitar-moves/_astro/client.mxV3x1Xx.js:8:100400)
    at Jy (https://wilsonnet.github.io/guitar-moves/_astro/client.mxV3x1Xx.js:8:102832)
    at Bl (https://wilsonnet.github.io/guitar-moves/_astro/client.mxV3x1Xx.js:8:100526)
    at Jy (https://wilsonnet.github.io/guitar-moves/_astro/client.mxV3x1Xx.js:8:102832)
    at Bl (https://wilsonnet.github.io/guitar-moves/_astro/client.mxV3x1Xx.js:8:100526)
    at Jy (https://wilsonnet.github.io/guitar-moves/_astro/client.mxV3x1Xx.js:8:100648)
    at Bl (https://wilsonnet.github.io/guitar-moves/_astro/client.mxV3x1Xx.js:8:100526)
    at Jy (https://wilsonnet.github.io/guitar-moves/_astro/client.mxV3x1Xx.js:8:103249)
    at mv (https://wilsonnet.github.io/guitar-moves/_astro/client.mxV3x1Xx.js:8:118321)
[  220255ms] [ERROR] VexFlow rendering error: C: [RuntimeError] IncompleteVoice: Voice does not have enough notes.
    at https://wilsonnet.github.io/guitar-moves/_astro/SheetMusic.CB25IuWS.js:1:273215
    at Array.reduce (<anonymous>)
    at rt.getResolutionMultiplier (https://wilsonnet.github.io/guitar-moves/_astro/SheetMusic.CB25IuWS.js:1:273029)
    at rt.createModifierContexts (https://wilsonnet.github.io/guitar-moves/_astro/SheetMusic.CB25IuWS.js:1:273396)
    at rt.joinVoices (https://wilsonnet.github.io/guitar-moves/_astro/SheetMusic.CB25IuWS.js:1:278696)
    at Hi.format (https://wilsonnet.github.io/guitar-moves/_astro/SheetMusic.CB25IuWS.js:1:294425)
    at https://wilsonnet.github.io/guitar-moves/_astro/SheetMusic.CB25IuWS.js:1:317025
    at Array.forEach (<anonymous>)
    at re.draw (https://wilsonnet.github.io/guitar-moves/_astro/SheetMusic.CB25IuWS.js:1:316998)
    at https://wilsonnet.github.io/guitar-moves/_astro/SheetMusic.CB25IuWS.js:1:1120934 @ https://wilsonnet.github.io/guitar-moves/_astro/SheetMusic.CB25IuWS.js:0
[  220280ms] NotFoundError: Failed to execute 'removeChild' on 'Node': The node to be removed is not a child of this node.
    at Ly (https://wilsonnet.github.io/guitar-moves/_astro/client.mxV3x1Xx.js:8:98867)
    at Bl (https://wilsonnet.github.io/guitar-moves/_astro/client.mxV3x1Xx.js:8:100400)
    at Jy (https://wilsonnet.github.io/guitar-moves/_astro/client.mxV3x1Xx.js:8:102832)
    at Bl (https://wilsonnet.github.io/guitar-moves/_astro/client.mxV3x1Xx.js:8:100526)
    at Jy (https://wilsonnet.github.io/guitar-moves/_astro/client.mxV3x1Xx.js:8:102832)
    at Bl (https://wilsonnet.github.io/guitar-moves/_astro/client.mxV3x1Xx.js:8:100526)
    at Jy (https://wilsonnet.github.io/guitar-moves/_astro/client.mxV3x1Xx.js:8:100648)
    at Bl (https://wilsonnet.github.io/guitar-moves/_astro/client.mxV3x1Xx.js:8:100526)
    at Jy (https://wilsonnet.github.io/guitar-moves/_astro/client.mxV3x1Xx.js:8:103249)
    at mv (https://wilsonnet.github.io/guitar-moves/_astro/client.mxV3x1Xx.js:8:118321)
[  220281ms] NotFoundError: Failed to execute 'removeChild' on 'Node': The node to be removed is not a child of this node.
    at Ly (https://wilsonnet.github.io/guitar-moves/_astro/client.mxV3x1Xx.js:8:98867)
    at Bl (https://wilsonnet.github.io/guitar-moves/_astro/client.mxV3x1Xx.js:8:100400)
    at Jy (https://wilsonnet.github.io/guitar-moves/_astro/client.mxV3x1Xx.js:8:102832)
    at Bl (https://wilsonnet.github.io/guitar-moves/_astro/client.mxV3x1Xx.js:8:100526)
    at Jy (https://wilsonnet.github.io/guitar-moves/_astro/client.mxV3x1Xx.js:8:102832)
    at Bl (https://wilsonnet.github.io/guitar-moves/_astro/client.mxV3x1Xx.js:8:100526)
    at Jy (https://wilsonnet.github.io/guitar-moves/_astro/client.mxV3x1Xx.js:8:100648)
    at Bl (https://wilsonnet.github.io/guitar-moves/_astro/client.mxV3x1Xx.js:8:100526)
    at Jy (https://wilsonnet.github.io/guitar-moves/_astro/client.mxV3x1Xx.js:8:103249)
    at mv (https://wilsonnet.github.io/guitar-moves/_astro/client.mxV3x1Xx.js:8:118321)
[  220269ms] [ERROR] VexFlow rendering error: C: [RuntimeError] BadArgument: Too many ticks.
    at wt.addTickable (https://wilsonnet.github.io/guitar-moves/_astro/SheetMusic.CB25IuWS.js:1:214236)
    at wt.addTickables (https://wilsonnet.github.io/guitar-moves/_astro/SheetMusic.CB25IuWS.js:1:214549)
    at Me.voice (https://wilsonnet.github.io/guitar-moves/_astro/SheetMusic.CB25IuWS.js:1:188207)
    at https://wilsonnet.github.io/guitar-moves/_astro/SheetMusic.CB25IuWS.js:1:1120861
    at $u (https://wilsonnet.github.io/guitar-moves/_astro/client.mxV3x1Xx.js:8:92398)
    at Wy (https://wilsonnet.github.io/guitar-moves/_astro/client.mxV3x1Xx.js:8:107598)
    at it (https://wilsonnet.github.io/guitar-moves/_astro/client.mxV3x1Xx.js:8:107482)
    at Wy (https://wilsonnet.github.io/guitar-moves/_astro/client.mxV3x1Xx.js:8:107644)
    at sv (https://wilsonnet.github.io/guitar-moves/_astro/client.mxV3x1Xx.js:8:120585)
    at bn (https://wilsonnet.github.io/guitar-moves/_astro/client.mxV3x1Xx.js:8:120365) @ https://wilsonnet.github.io/guitar-moves/_astro/SheetMusic.CB25IuWS.js:0
[  220282ms] NotFoundError: Failed to execute 'removeChild' on 'Node': The node to be removed is not a child of this node.
    at Ly (https://wilsonnet.github.io/guitar-moves/_astro/client.mxV3x1Xx.js:8:98867)
    at Bl (https://wilsonnet.github.io/guitar-moves/_astro/client.mxV3x1Xx.js:8:100400)
    at Jy (https://wilsonnet.github.io/guitar-moves/_astro/client.mxV3x1Xx.js:8:102832)
    at Bl (https://wilsonnet.github.io/guitar-moves/_astro/client.mxV3x1Xx.js:8:100526)
    at Jy (https://wilsonnet.github.io/guitar-moves/_astro/client.mxV3x1Xx.js:8:102832)
    at Bl (https://wilsonnet.github.io/guitar-moves/_astro/client.mxV3x1Xx.js:8:100526)
    at Jy (https://wilsonnet.github.io/guitar-moves/_astro/client.mxV3x1Xx.js:8:100648)
    at Bl (https://wilsonnet.github.io/guitar-moves/_astro/client.mxV3x1Xx.js:8:100526)
    at Jy (https://wilsonnet.github.io/guitar-moves/_astro/client.mxV3x1Xx.js:8:103249)
    at mv (https://wilsonnet.github.io/guitar-moves/_astro/client.mxV3x1Xx.js:8:118321)
[  220282ms] NotFoundError: Failed to execute 'removeChild' on 'Node': The node to be removed is not a child of this node.
    at Ly (https://wilsonnet.github.io/guitar-moves/_astro/client.mxV3x1Xx.js:8:98867)
    at Bl (https://wilsonnet.github.io/guitar-moves/_astro/client.mxV3x1Xx.js:8:100400)
    at Jy (https://wilsonnet.github.io/guitar-moves/_astro/client.mxV3x1Xx.js:8:102832)
    at Bl (https://wilsonnet.github.io/guitar-moves/_astro/client.mxV3x1Xx.js:8:100526)
    at Jy (https://wilsonnet.github.io/guitar-moves/_astro/client.mxV3x1Xx.js:8:102832)
    at Bl (https://wilsonnet.github.io/guitar-moves/_astro/client.mxV3x1Xx.js:8:100526)
    at Jy (https://wilsonnet.github.io/guitar-moves/_astro/client.mxV3x1Xx.js:8:100648)
    at Bl (https://wilsonnet.github.io/guitar-moves/_astro/client.mxV3x1Xx.js:8:100526)
    at Jy (https://wilsonnet.github.io/guitar-moves/_astro/client.mxV3x1Xx.js:8:103249)
    at mv (https://wilsonnet.github.io/guitar-moves/_astro/client.mxV3x1Xx.js:8:118321)
[  220980ms] NotFoundError: Failed to execute 'removeChild' on 'Node': The node to be removed is not a child of this node.
    at Ly (https://wilsonnet.github.io/guitar-moves/_astro/client.mxV3x1Xx.js:8:98867)
    at Bl (https://wilsonnet.github.io/guitar-moves/_astro/client.mxV3x1Xx.js:8:100400)
    at Jy (https://wilsonnet.github.io/guitar-moves/_astro/client.mxV3x1Xx.js:8:102832)
    at Bl (https://wilsonnet.github.io/guitar-moves/_astro/client.mxV3x1Xx.js:8:100526)
    at Jy (https://wilsonnet.github.io/guitar-moves/_astro/client.mxV3x1Xx.js:8:102832)
    at Bl (https://wilsonnet.github.io/guitar-moves/_astro/client.mxV3x1Xx.js:8:100526)
    at Jy (https://wilsonnet.github.io/guitar-moves/_astro/client.mxV3x1Xx.js:8:100648)
    at Bl (https://wilsonnet.github.io/guitar-moves/_astro/client.mxV3x1Xx.js:8:100526)
    at Jy (https://wilsonnet.github.io/guitar-moves/_astro/client.mxV3x1Xx.js:8:103249)
    at mv (https://wilsonnet.github.io/guitar-moves/_astro/client.mxV3x1Xx.js:8:118321)
[  220982ms] NotFoundError: Failed to execute 'removeChild' on 'Node': The node to be removed is not a child of this node.
    at Ly (https://wilsonnet.github.io/guitar-moves/_astro/client.mxV3x1Xx.js:8:98867)
    at Bl (https://wilsonnet.github.io/guitar-moves/_astro/client.mxV3x1Xx.js:8:100400)
    at Jy (https://wilsonnet.github.io/guitar-moves/_astro/client.mxV3x1Xx.js:8:102832)
    at Bl (https://wilsonnet.github.io/guitar-moves/_astro/client.mxV3x1Xx.js:8:100526)
    at Jy (https://wilsonnet.github.io/guitar-moves/_astro/client.mxV3x1Xx.js:8:102832)
    at Bl (https://wilsonnet.github.io/guitar-moves/_astro/client.mxV3x1Xx.js:8:100526)
    at Jy (https://wilsonnet.github.io/guitar-moves/_astro/client.mxV3x1Xx.js:8:100648)
    at Bl (https://wilsonnet.github.io/guitar-moves/_astro/client.mxV3x1Xx.js:8:100526)
    at Jy (https://wilsonnet.github.io/guitar-moves/_astro/client.mxV3x1Xx.js:8:103249)
    at mv (https://wilsonnet.github.io/guitar-moves/_astro/client.mxV3x1Xx.js:8:118321)
[  220982ms] NotFoundError: Failed to execute 'removeChild' on 'Node': The node to be removed is not a child of this node.
    at Ly (https://wilsonnet.github.io/guitar-moves/_astro/client.mxV3x1Xx.js:8:98867)
    at Bl (https://wilsonnet.github.io/guitar-moves/_astro/client.mxV3x1Xx.js:8:100400)
    at Jy (https://wilsonnet.github.io/guitar-moves/_astro/client.mxV3x1Xx.js:8:102832)
    at Bl (https://wilsonnet.github.io/guitar-moves/_astro/client.mxV3x1Xx.js:8:100526)
    at Jy (https://wilsonnet.github.io/guitar-moves/_astro/client.mxV3x1Xx.js:8:102832)
    at Bl (https://wilsonnet.github.io/guitar-moves/_astro/client.mxV3x1Xx.js:8:100526)
    at Jy (https://wilsonnet.github.io/guitar-moves/_astro/client.mxV3x1Xx.js:8:100648)
    at Bl (https://wilsonnet.github.io/guitar-moves/_astro/client.mxV3x1Xx.js:8:100526)
    at Jy (https://wilsonnet.github.io/guitar-moves/_astro/client.mxV3x1Xx.js:8:103249)
    at mv (https://wilsonnet.github.io/guitar-moves/_astro/client.mxV3x1Xx.js:8:118321)
[  220971ms] [ERROR] VexFlow rendering error: C: [RuntimeError] BadArgument: Too many ticks.
    at wt.addTickable (https://wilsonnet.github.io/guitar-moves/_astro/SheetMusic.CB25IuWS.js:1:214236)
    at wt.addTickables (https://wilsonnet.github.io/guitar-moves/_astro/SheetMusic.CB25IuWS.js:1:214549)
    at Me.voice (https://wilsonnet.github.io/guitar-moves/_astro/SheetMusic.CB25IuWS.js:1:188207)
    at https://wilsonnet.github.io/guitar-moves/_astro/SheetMusic.CB25IuWS.js:1:1120861
    at $u (https://wilsonnet.github.io/guitar-moves/_astro/client.mxV3x1Xx.js:8:92398)
    at Wy (https://wilsonnet.github.io/guitar-moves/_astro/client.mxV3x1Xx.js:8:107598)
    at it (https://wilsonnet.github.io/guitar-moves/_astro/client.mxV3x1Xx.js:8:107482)
    at Wy (https://wilsonnet.github.io/guitar-moves/_astro/client.mxV3x1Xx.js:8:107644)
    at sv (https://wilsonnet.github.io/guitar-moves/_astro/client.mxV3x1Xx.js:8:120585)
    at bn (https://wilsonnet.github.io/guitar-moves/_astro/client.mxV3x1Xx.js:8:120365) @ https://wilsonnet.github.io/guitar-moves/_astro/SheetMusic.CB25IuWS.js:0
[  220983ms] NotFoundError: Failed to execute 'removeChild' on 'Node': The node to be removed is not a child of this node.
    at Ly (https://wilsonnet.github.io/guitar-moves/_astro/client.mxV3x1Xx.js:8:98867)
    at Bl (https://wilsonnet.github.io/guitar-moves/_astro/client.mxV3x1Xx.js:8:100400)
    at Jy (https://wilsonnet.github.io/guitar-moves/_astro/client.mxV3x1Xx.js:8:102832)
    at Bl (https://wilsonnet.github.io/guitar-moves/_astro/client.mxV3x1Xx.js:8:100526)
    at Jy (https://wilsonnet.github.io/guitar-moves/_astro/client.mxV3x1Xx.js:8:102832)
    at Bl (https://wilsonnet.github.io/guitar-moves/_astro/client.mxV3x1Xx.js:8:100526)
    at Jy (https://wilsonnet.github.io/guitar-moves/_astro/client.mxV3x1Xx.js:8:100648)
    at Bl (https://wilsonnet.github.io/guitar-moves/_astro/client.mxV3x1Xx.js:8:100526)
    at Jy (https://wilsonnet.github.io/guitar-moves/_astro/client.mxV3x1Xx.js:8:103249)
    at mv (https://wilsonnet.github.io/guitar-moves/_astro/client.mxV3x1Xx.js:8:118321)
[  220973ms] [ERROR] VexFlow rendering error: C: [RuntimeError] IncompleteVoice: Voice does not have enough notes.
    at https://wilsonnet.github.io/guitar-moves/_astro/SheetMusic.CB25IuWS.js:1:273215
    at Array.reduce (<anonymous>)
    at rt.getResolutionMultiplier (https://wilsonnet.github.io/guitar-moves/_astro/SheetMusic.CB25IuWS.js:1:273029)
    at rt.createModifierContexts (https://wilsonnet.github.io/guitar-moves/_astro/SheetMusic.CB25IuWS.js:1:273396)
    at rt.joinVoices (https://wilsonnet.github.io/guitar-moves/_astro/SheetMusic.CB25IuWS.js:1:278696)
    at Hi.format (https://wilsonnet.github.io/guitar-moves/_astro/SheetMusic.CB25IuWS.js:1:294425)
    at https://wilsonnet.github.io/guitar-moves/_astro/SheetMusic.CB25IuWS.js:1:317025
    at Array.forEach (<anonymous>)
    at re.draw (https://wilsonnet.github.io/guitar-moves/_astro/SheetMusic.CB25IuWS.js:1:316998)
    at https://wilsonnet.github.io/guitar-moves/_astro/SheetMusic.CB25IuWS.js:1:1120934 @ https://wilsonnet.github.io/guitar-moves/_astro/SheetMusic.CB25IuWS.js:0
[  220983ms] NotFoundError: Failed to execute 'removeChild' on 'Node': The node to be removed is not a child of this node.
    at Ly (https://wilsonnet.github.io/guitar-moves/_astro/client.mxV3x1Xx.js:8:98867)
    at Bl (https://wilsonnet.github.io/guitar-moves/_astro/client.mxV3x1Xx.js:8:100400)
    at Jy (https://wilsonnet.github.io/guitar-moves/_astro/client.mxV3x1Xx.js:8:102832)
    at Bl (https://wilsonnet.github.io/guitar-moves/_astro/client.mxV3x1Xx.js:8:100526)
    at Jy (https://wilsonnet.github.io/guitar-moves/_astro/client.mxV3x1Xx.js:8:102832)
    at Bl (https://wilsonnet.github.io/guitar-moves/_astro/client.mxV3x1Xx.js:8:100526)
    at Jy (https://wilsonnet.github.io/guitar-moves/_astro/client.mxV3x1Xx.js:8:100648)
    at Bl (https://wilsonnet.github.io/guitar-moves/_astro/client.mxV3x1Xx.js:8:100526)
    at Jy (https://wilsonnet.github.io/guitar-moves/_astro/client.mxV3x1Xx.js:8:103249)
    at mv (https://wilsonnet.github.io/guitar-moves/_astro/client.mxV3x1Xx.js:8:118321)
[  220975ms] [ERROR] VexFlow rendering error: C: [RuntimeError] BadArgument: Too many ticks.
    at wt.addTickable (https://wilsonnet.github.io/guitar-moves/_astro/SheetMusic.CB25IuWS.js:1:214236)
    at wt.addTickables (https://wilsonnet.github.io/guitar-moves/_astro/SheetMusic.CB25IuWS.js:1:214549)
    at Me.voice (https://wilsonnet.github.io/guitar-moves/_astro/SheetMusic.CB25IuWS.js:1:188207)
    at https://wilsonnet.github.io/guitar-moves/_astro/SheetMusic.CB25IuWS.js:1:1120861
    at $u (https://wilsonnet.github.io/guitar-moves/_astro/client.mxV3x1Xx.js:8:92398)
    at Wy (https://wilsonnet.github.io/guitar-moves/_astro/client.mxV3x1Xx.js:8:107598)
    at it (https://wilsonnet.github.io/guitar-moves/_astro/client.mxV3x1Xx.js:8:107482)
    at Wy (https://wilsonnet.github.io/guitar-moves/_astro/client.mxV3x1Xx.js:8:107644)
    at sv (https://wilsonnet.github.io/guitar-moves/_astro/client.mxV3x1Xx.js:8:120585)
    at bn (https://wilsonnet.github.io/guitar-moves/_astro/client.mxV3x1Xx.js:8:120365) @ https://wilsonnet.github.io/guitar-moves/_astro/SheetMusic.CB25IuWS.js:0
[  220984ms] NotFoundError: Failed to execute 'removeChild' on 'Node': The node to be removed is not a child of this node.
    at Ly (https://wilsonnet.github.io/guitar-moves/_astro/client.mxV3x1Xx.js:8:98867)
    at Bl (https://wilsonnet.github.io/guitar-moves/_astro/client.mxV3x1Xx.js:8:100400)
    at Jy (https://wilsonnet.github.io/guitar-moves/_astro/client.mxV3x1Xx.js:8:102832)
    at Bl (https://wilsonnet.github.io/guitar-moves/_astro/client.mxV3x1Xx.js:8:100526)
    at Jy (https://wilsonnet.github.io/guitar-moves/_astro/client.mxV3x1Xx.js:8:102832)
    at Bl (https://wilsonnet.github.io/guitar-moves/_astro/client.mxV3x1Xx.js:8:100526)
    at Jy (https://wilsonnet.github.io/guitar-moves/_astro/client.mxV3x1Xx.js:8:100648)
    at Bl (https://wilsonnet.github.io/guitar-moves/_astro/client.mxV3x1Xx.js:8:100526)
    at Jy (https://wilsonnet.github.io/guitar-moves/_astro/client.mxV3x1Xx.js:8:103249)
    at mv (https://wilsonnet.github.io/guitar-moves/_astro/client.mxV3x1Xx.js:8:118321)
[  221410ms] [ERROR] VexFlow rendering error: C: [RuntimeError] IncompleteVoice: Voice does not have enough notes.
    at https://wilsonnet.github.io/guitar-moves/_astro/SheetMusic.CB25IuWS.js:1:273215
    at Array.reduce (<anonymous>)
    at rt.getResolutionMultiplier (https://wilsonnet.github.io/guitar-moves/_astro/SheetMusic.CB25IuWS.js:1:273029)
    at rt.createModifierContexts (https://wilsonnet.github.io/guitar-moves/_astro/SheetMusic.CB25IuWS.js:1:273396)
    at rt.joinVoices (https://wilsonnet.github.io/guitar-moves/_astro/SheetMusic.CB25IuWS.js:1:278696)
    at Hi.format (https://wilsonnet.github.io/guitar-moves/_astro/SheetMusic.CB25IuWS.js:1:294425)
    at https://wilsonnet.github.io/guitar-moves/_astro/SheetMusic.CB25IuWS.js:1:317025
    at Array.forEach (<anonymous>)
    at re.draw (https://wilsonnet.github.io/guitar-moves/_astro/SheetMusic.CB25IuWS.js:1:316998)
    at https://wilsonnet.github.io/guitar-moves/_astro/SheetMusic.CB25IuWS.js:1:1120934 @ https://wilsonnet.github.io/guitar-moves/_astro/SheetMusic.CB25IuWS.js:0
[  221445ms] NotFoundError: Failed to execute 'removeChild' on 'Node': The node to be removed is not a child of this node.
    at Ly (https://wilsonnet.github.io/guitar-moves/_astro/client.mxV3x1Xx.js:8:98867)
    at Bl (https://wilsonnet.github.io/guitar-moves/_astro/client.mxV3x1Xx.js:8:100400)
    at Jy (https://wilsonnet.github.io/guitar-moves/_astro/client.mxV3x1Xx.js:8:102832)
    at Bl (https://wilsonnet.github.io/guitar-moves/_astro/client.mxV3x1Xx.js:8:100526)
    at Jy (https://wilsonnet.github.io/guitar-moves/_astro/client.mxV3x1Xx.js:8:102832)
    at Bl (https://wilsonnet.github.io/guitar-moves/_astro/client.mxV3x1Xx.js:8:100526)
    at Jy (https://wilsonnet.github.io/guitar-moves/_astro/client.mxV3x1Xx.js:8:100648)
    at Bl (https://wilsonnet.github.io/guitar-moves/_astro/client.mxV3x1Xx.js:8:100526)
    at Jy (https://wilsonnet.github.io/guitar-moves/_astro/client.mxV3x1Xx.js:8:103249)
    at mv (https://wilsonnet.github.io/guitar-moves/_astro/client.mxV3x1Xx.js:8:118321)
[  221415ms] [ERROR] VexFlow rendering error: C: [RuntimeError] BadArgument: Too many ticks.
    at wt.addTickable (https://wilsonnet.github.io/guitar-moves/_astro/SheetMusic.CB25IuWS.js:1:214236)
    at wt.addTickables (https://wilsonnet.github.io/guitar-moves/_astro/SheetMusic.CB25IuWS.js:1:214549)
    at Me.voice (https://wilsonnet.github.io/guitar-moves/_astro/SheetMusic.CB25IuWS.js:1:188207)
    at https://wilsonnet.github.io/guitar-moves/_astro/SheetMusic.CB25IuWS.js:1:1120861
    at $u (https://wilsonnet.github.io/guitar-moves/_astro/client.mxV3x1Xx.js:8:92398)
    at Wy (https://wilsonnet.github.io/guitar-moves/_astro/client.mxV3x1Xx.js:8:107598)
    at it (https://wilsonnet.github.io/guitar-moves/_astro/client.mxV3x1Xx.js:8:107482)
    at Wy (https://wilsonnet.github.io/guitar-moves/_astro/client.mxV3x1Xx.js:8:107644)
    at sv (https://wilsonnet.github.io/guitar-moves/_astro/client.mxV3x1Xx.js:8:120585)
    at bn (https://wilsonnet.github.io/guitar-moves/_astro/client.mxV3x1Xx.js:8:120365) @ https://wilsonnet.github.io/guitar-moves/_astro/SheetMusic.CB25IuWS.js:0
[  221446ms] NotFoundError: Failed to execute 'removeChild' on 'Node': The node to be removed is not a child of this node.
    at Ly (https://wilsonnet.github.io/guitar-moves/_astro/client.mxV3x1Xx.js:8:98867)
    at Bl (https://wilsonnet.github.io/guitar-moves/_astro/client.mxV3x1Xx.js:8:100400)
    at Jy (https://wilsonnet.github.io/guitar-moves/_astro/client.mxV3x1Xx.js:8:102832)
    at Bl (https://wilsonnet.github.io/guitar-moves/_astro/client.mxV3x1Xx.js:8:100526)
    at Jy (https://wilsonnet.github.io/guitar-moves/_astro/client.mxV3x1Xx.js:8:102832)
    at Bl (https://wilsonnet.github.io/guitar-moves/_astro/client.mxV3x1Xx.js:8:100526)
    at Jy (https://wilsonnet.github.io/guitar-moves/_astro/client.mxV3x1Xx.js:8:100648)
    at Bl (https://wilsonnet.github.io/guitar-moves/_astro/client.mxV3x1Xx.js:8:100526)
    at Jy (https://wilsonnet.github.io/guitar-moves/_astro/client.mxV3x1Xx.js:8:103249)
    at mv (https://wilsonnet.github.io/guitar-moves/_astro/client.mxV3x1Xx.js:8:118321)
[  221446ms] NotFoundError: Failed to execute 'removeChild' on 'Node': The node to be removed is not a child of this node.
    at Ly (https://wilsonnet.github.io/guitar-moves/_astro/client.mxV3x1Xx.js:8:98867)
    at Bl (https://wilsonnet.github.io/guitar-moves/_astro/client.mxV3x1Xx.js:8:100400)
    at Jy (https://wilsonnet.github.io/guitar-moves/_astro/client.mxV3x1Xx.js:8:102832)
    at Bl (https://wilsonnet.github.io/guitar-moves/_astro/client.mxV3x1Xx.js:8:100526)
    at Jy (https://wilsonnet.github.io/guitar-moves/_astro/client.mxV3x1Xx.js:8:102832)
    at Bl (https://wilsonnet.github.io/guitar-moves/_astro/client.mxV3x1Xx.js:8:100526)
    at Jy (https://wilsonnet.github.io/guitar-moves/_astro/client.mxV3x1Xx.js:8:100648)
    at Bl (https://wilsonnet.github.io/guitar-moves/_astro/client.mxV3x1Xx.js:8:100526)
    at Jy (https://wilsonnet.github.io/guitar-moves/_astro/client.mxV3x1Xx.js:8:103249)
    at mv (https://wilsonnet.github.io/guitar-moves/_astro/client.mxV3x1Xx.js:8:118321)
[  221446ms] NotFoundError: Failed to execute 'removeChild' on 'Node': The node to be removed is not a child of this node.
    at Ly (https://wilsonnet.github.io/guitar-moves/_astro/client.mxV3x1Xx.js:8:98867)
    at Bl (https://wilsonnet.github.io/guitar-moves/_astro/client.mxV3x1Xx.js:8:100400)
    at Jy (https://wilsonnet.github.io/guitar-moves/_astro/client.mxV3x1Xx.js:8:102832)
    at Bl (https://wilsonnet.github.io/guitar-moves/_astro/client.mxV3x1Xx.js:8:100526)
    at Jy (https://wilsonnet.github.io/guitar-moves/_astro/client.mxV3x1Xx.js:8:102832)
    at Bl (https://wilsonnet.github.io/guitar-moves/_astro/client.mxV3x1Xx.js:8:100526)
    at Jy (https://wilsonnet.github.io/guitar-moves/_astro/client.mxV3x1Xx.js:8:100648)
    at Bl (https://wilsonnet.github.io/guitar-moves/_astro/client.mxV3x1Xx.js:8:100526)
    at Jy (https://wilsonnet.github.io/guitar-moves/_astro/client.mxV3x1Xx.js:8:103249)
    at mv (https://wilsonnet.github.io/guitar-moves/_astro/client.mxV3x1Xx.js:8:118321)
[  221447ms] NotFoundError: Failed to execute 'removeChild' on 'Node': The node to be removed is not a child of this node.
    at Ly (https://wilsonnet.github.io/guitar-moves/_astro/client.mxV3x1Xx.js:8:98867)
    at Bl (https://wilsonnet.github.io/guitar-moves/_astro/client.mxV3x1Xx.js:8:100400)
    at Jy (https://wilsonnet.github.io/guitar-moves/_astro/client.mxV3x1Xx.js:8:102832)
    at Bl (https://wilsonnet.github.io/guitar-moves/_astro/client.mxV3x1Xx.js:8:100526)
    at Jy (https://wilsonnet.github.io/guitar-moves/_astro/client.mxV3x1Xx.js:8:102832)
    at Bl (https://wilsonnet.github.io/guitar-moves/_astro/client.mxV3x1Xx.js:8:100526)
    at Jy (https://wilsonnet.github.io/guitar-moves/_astro/client.mxV3x1Xx.js:8:100648)
    at Bl (https://wilsonnet.github.io/guitar-moves/_astro/client.mxV3x1Xx.js:8:100526)
    at Jy (https://wilsonnet.github.io/guitar-moves/_astro/client.mxV3x1Xx.js:8:103249)
    at mv (https://wilsonnet.github.io/guitar-moves/_astro/client.mxV3x1Xx.js:8:118321)
[  221446ms] [ERROR] VexFlow rendering error: C: [RuntimeError] BadArgument: Too many ticks.
    at wt.addTickable (https://wilsonnet.github.io/guitar-moves/_astro/SheetMusic.CB25IuWS.js:1:214236)
    at wt.addTickables (https://wilsonnet.github.io/guitar-moves/_astro/SheetMusic.CB25IuWS.js:1:214549)
    at Me.voice (https://wilsonnet.github.io/guitar-moves/_astro/SheetMusic.CB25IuWS.js:1:188207)
    at https://wilsonnet.github.io/guitar-moves/_astro/SheetMusic.CB25IuWS.js:1:1120861
    at $u (https://wilsonnet.github.io/guitar-moves/_astro/client.mxV3x1Xx.js:8:92398)
    at Wy (https://wilsonnet.github.io/guitar-moves/_astro/client.mxV3x1Xx.js:8:107598)
    at it (https://wilsonnet.github.io/guitar-moves/_astro/client.mxV3x1Xx.js:8:107482)
    at Wy (https://wilsonnet.github.io/guitar-moves/_astro/client.mxV3x1Xx.js:8:107644)
    at sv (https://wilsonnet.github.io/guitar-moves/_astro/client.mxV3x1Xx.js:8:120585)
    at bn (https://wilsonnet.github.io/guitar-moves/_astro/client.mxV3x1Xx.js:8:120365) @ https://wilsonnet.github.io/guitar-moves/_astro/SheetMusic.CB25IuWS.js:0
[  221449ms] NotFoundError: Failed to execute 'removeChild' on 'Node': The node to be removed is not a child of this node.
    at Ly (https://wilsonnet.github.io/guitar-moves/_astro/client.mxV3x1Xx.js:8:98867)
    at Bl (https://wilsonnet.github.io/guitar-moves/_astro/client.mxV3x1Xx.js:8:100400)
    at Jy (https://wilsonnet.github.io/guitar-moves/_astro/client.mxV3x1Xx.js:8:102832)
    at Bl (https://wilsonnet.github.io/guitar-moves/_astro/client.mxV3x1Xx.js:8:100526)
    at Jy (https://wilsonnet.github.io/guitar-moves/_astro/client.mxV3x1Xx.js:8:102832)
    at Bl (https://wilsonnet.github.io/guitar-moves/_astro/client.mxV3x1Xx.js:8:100526)
    at Jy (https://wilsonnet.github.io/guitar-moves/_astro/client.mxV3x1Xx.js:8:100648)
    at Bl (https://wilsonnet.github.io/guitar-moves/_astro/client.mxV3x1Xx.js:8:100526)
    at Jy (https://wilsonnet.github.io/guitar-moves/_astro/client.mxV3x1Xx.js:8:103249)
    at mv (https://wilsonnet.github.io/guitar-moves/_astro/client.mxV3x1Xx.js:8:118321)
[  221610ms] [ERROR] VexFlow rendering error: C: [RuntimeError] BadArgument: Too many ticks.
    at wt.addTickable (https://wilsonnet.github.io/guitar-moves/_astro/SheetMusic.CB25IuWS.js:1:214236)
    at wt.addTickables (https://wilsonnet.github.io/guitar-moves/_astro/SheetMusic.CB25IuWS.js:1:214549)
    at Me.voice (https://wilsonnet.github.io/guitar-moves/_astro/SheetMusic.CB25IuWS.js:1:188207)
    at https://wilsonnet.github.io/guitar-moves/_astro/SheetMusic.CB25IuWS.js:1:1120861
    at $u (https://wilsonnet.github.io/guitar-moves/_astro/client.mxV3x1Xx.js:8:92398)
    at Wy (https://wilsonnet.github.io/guitar-moves/_astro/client.mxV3x1Xx.js:8:107598)
    at it (https://wilsonnet.github.io/guitar-moves/_astro/client.mxV3x1Xx.js:8:107482)
    at Wy (https://wilsonnet.github.io/guitar-moves/_astro/client.mxV3x1Xx.js:8:107644)
    at sv (https://wilsonnet.github.io/guitar-moves/_astro/client.mxV3x1Xx.js:8:120585)
    at bn (https://wilsonnet.github.io/guitar-moves/_astro/client.mxV3x1Xx.js:8:120365) @ https://wilsonnet.github.io/guitar-moves/_astro/SheetMusic.CB25IuWS.js:0
[  221642ms] NotFoundError: Failed to execute 'removeChild' on 'Node': The node to be removed is not a child of this node.
    at Ly (https://wilsonnet.github.io/guitar-moves/_astro/client.mxV3x1Xx.js:8:98867)
    at Bl (https://wilsonnet.github.io/guitar-moves/_astro/client.mxV3x1Xx.js:8:100400)
    at Jy (https://wilsonnet.github.io/guitar-moves/_astro/client.mxV3x1Xx.js:8:102832)
    at Bl (https://wilsonnet.github.io/guitar-moves/_astro/client.mxV3x1Xx.js:8:100526)
    at Jy (https://wilsonnet.github.io/guitar-moves/_astro/client.mxV3x1Xx.js:8:102832)
    at Bl (https://wilsonnet.github.io/guitar-moves/_astro/client.mxV3x1Xx.js:8:100526)
    at Jy (https://wilsonnet.github.io/guitar-moves/_astro/client.mxV3x1Xx.js:8:100648)
    at Bl (https://wilsonnet.github.io/guitar-moves/_astro/client.mxV3x1Xx.js:8:100526)
    at Jy (https://wilsonnet.github.io/guitar-moves/_astro/client.mxV3x1Xx.js:8:103249)
    at mv (https://wilsonnet.github.io/guitar-moves/_astro/client.mxV3x1Xx.js:8:118321)
[  221642ms] NotFoundError: Failed to execute 'removeChild' on 'Node': The node to be removed is not a child of this node.
    at Ly (https://wilsonnet.github.io/guitar-moves/_astro/client.mxV3x1Xx.js:8:98867)
    at Bl (https://wilsonnet.github.io/guitar-moves/_astro/client.mxV3x1Xx.js:8:100400)
    at Jy (https://wilsonnet.github.io/guitar-moves/_astro/client.mxV3x1Xx.js:8:102832)
    at Bl (https://wilsonnet.github.io/guitar-moves/_astro/client.mxV3x1Xx.js:8:100526)
    at Jy (https://wilsonnet.github.io/guitar-moves/_astro/client.mxV3x1Xx.js:8:102832)
    at Bl (https://wilsonnet.github.io/guitar-moves/_astro/client.mxV3x1Xx.js:8:100526)
    at Jy (https://wilsonnet.github.io/guitar-moves/_astro/client.mxV3x1Xx.js:8:100648)
    at Bl (https://wilsonnet.github.io/guitar-moves/_astro/client.mxV3x1Xx.js:8:100526)
    at Jy (https://wilsonnet.github.io/guitar-moves/_astro/client.mxV3x1Xx.js:8:103249)
    at mv (https://wilsonnet.github.io/guitar-moves/_astro/client.mxV3x1Xx.js:8:118321)
[  221642ms] NotFoundError: Failed to execute 'removeChild' on 'Node': The node to be removed is not a child of this node.
    at Ly (https://wilsonnet.github.io/guitar-moves/_astro/client.mxV3x1Xx.js:8:98867)
    at Bl (https://wilsonnet.github.io/guitar-moves/_astro/client.mxV3x1Xx.js:8:100400)
    at Jy (https://wilsonnet.github.io/guitar-moves/_astro/client.mxV3x1Xx.js:8:102832)
    at Bl (https://wilsonnet.github.io/guitar-moves/_astro/client.mxV3x1Xx.js:8:100526)
    at Jy (https://wilsonnet.github.io/guitar-moves/_astro/client.mxV3x1Xx.js:8:102832)
    at Bl (https://wilsonnet.github.io/guitar-moves/_astro/client.mxV3x1Xx.js:8:100526)
    at Jy (https://wilsonnet.github.io/guitar-moves/_astro/client.mxV3x1Xx.js:8:100648)
    at Bl (https://wilsonnet.github.io/guitar-moves/_astro/client.mxV3x1Xx.js:8:100526)
    at Jy (https://wilsonnet.github.io/guitar-moves/_astro/client.mxV3x1Xx.js:8:103249)
    at mv (https://wilsonnet.github.io/guitar-moves/_astro/client.mxV3x1Xx.js:8:118321)
[  221643ms] NotFoundError: Failed to execute 'removeChild' on 'Node': The node to be removed is not a child of this node.
    at Ly (https://wilsonnet.github.io/guitar-moves/_astro/client.mxV3x1Xx.js:8:98867)
    at Bl (https://wilsonnet.github.io/guitar-moves/_astro/client.mxV3x1Xx.js:8:100400)
    at Jy (https://wilsonnet.github.io/guitar-moves/_astro/client.mxV3x1Xx.js:8:102832)
    at Bl (https://wilsonnet.github.io/guitar-moves/_astro/client.mxV3x1Xx.js:8:100526)
    at Jy (https://wilsonnet.github.io/guitar-moves/_astro/client.mxV3x1Xx.js:8:102832)
    at Bl (https://wilsonnet.github.io/guitar-moves/_astro/client.mxV3x1Xx.js:8:100526)
    at Jy (https://wilsonnet.github.io/guitar-moves/_astro/client.mxV3x1Xx.js:8:100648)
    at Bl (https://wilsonnet.github.io/guitar-moves/_astro/client.mxV3x1Xx.js:8:100526)
    at Jy (https://wilsonnet.github.io/guitar-moves/_astro/client.mxV3x1Xx.js:8:103249)
    at mv (https://wilsonnet.github.io/guitar-moves/_astro/client.mxV3x1Xx.js:8:118321)
[  221644ms] [ERROR] VexFlow rendering error: C: [RuntimeError] IncompleteVoice: Voice does not have enough notes.
    at https://wilsonnet.github.io/guitar-moves/_astro/SheetMusic.CB25IuWS.js:1:273215
    at Array.reduce (<anonymous>)
    at rt.getResolutionMultiplier (https://wilsonnet.github.io/guitar-moves/_astro/SheetMusic.CB25IuWS.js:1:273029)
    at rt.createModifierContexts (https://wilsonnet.github.io/guitar-moves/_astro/SheetMusic.CB25IuWS.js:1:273396)
    at rt.joinVoices (https://wilsonnet.github.io/guitar-moves/_astro/SheetMusic.CB25IuWS.js:1:278696)
    at Hi.format (https://wilsonnet.github.io/guitar-moves/_astro/SheetMusic.CB25IuWS.js:1:294425)
    at https://wilsonnet.github.io/guitar-moves/_astro/SheetMusic.CB25IuWS.js:1:317025
    at Array.forEach (<anonymous>)
    at re.draw (https://wilsonnet.github.io/guitar-moves/_astro/SheetMusic.CB25IuWS.js:1:316998)
    at https://wilsonnet.github.io/guitar-moves/_astro/SheetMusic.CB25IuWS.js:1:1120934 @ https://wilsonnet.github.io/guitar-moves/_astro/SheetMusic.CB25IuWS.js:0
[  221645ms] NotFoundError: Failed to execute 'removeChild' on 'Node': The node to be removed is not a child of this node.
    at Ly (https://wilsonnet.github.io/guitar-moves/_astro/client.mxV3x1Xx.js:8:98867)
    at Bl (https://wilsonnet.github.io/guitar-moves/_astro/client.mxV3x1Xx.js:8:100400)
    at Jy (https://wilsonnet.github.io/guitar-moves/_astro/client.mxV3x1Xx.js:8:102832)
    at Bl (https://wilsonnet.github.io/guitar-moves/_astro/client.mxV3x1Xx.js:8:100526)
    at Jy (https://wilsonnet.github.io/guitar-moves/_astro/client.mxV3x1Xx.js:8:102832)
    at Bl (https://wilsonnet.github.io/guitar-moves/_astro/client.mxV3x1Xx.js:8:100526)
    at Jy (https://wilsonnet.github.io/guitar-moves/_astro/client.mxV3x1Xx.js:8:100648)
    at Bl (https://wilsonnet.github.io/guitar-moves/_astro/client.mxV3x1Xx.js:8:100526)
    at Jy (https://wilsonnet.github.io/guitar-moves/_astro/client.mxV3x1Xx.js:8:103249)
    at mv (https://wilsonnet.github.io/guitar-moves/_astro/client.mxV3x1Xx.js:8:118321)
[  221649ms] [ERROR] VexFlow rendering error: C: [RuntimeError] BadArgument: Too many ticks.
    at wt.addTickable (https://wilsonnet.github.io/guitar-moves/_astro/SheetMusic.CB25IuWS.js:1:214236)
    at wt.addTickables (https://wilsonnet.github.io/guitar-moves/_astro/SheetMusic.CB25IuWS.js:1:214549)
    at Me.voice (https://wilsonnet.github.io/guitar-moves/_astro/SheetMusic.CB25IuWS.js:1:188207)
    at https://wilsonnet.github.io/guitar-moves/_astro/SheetMusic.CB25IuWS.js:1:1120861
    at $u (https://wilsonnet.github.io/guitar-moves/_astro/client.mxV3x1Xx.js:8:92398)
    at Wy (https://wilsonnet.github.io/guitar-moves/_astro/client.mxV3x1Xx.js:8:107598)
    at it (https://wilsonnet.github.io/guitar-moves/_astro/client.mxV3x1Xx.js:8:107482)
    at Wy (https://wilsonnet.github.io/guitar-moves/_astro/client.mxV3x1Xx.js:8:107644)
    at sv (https://wilsonnet.github.io/guitar-moves/_astro/client.mxV3x1Xx.js:8:120585)
    at bn (https://wilsonnet.github.io/guitar-moves/_astro/client.mxV3x1Xx.js:8:120365) @ https://wilsonnet.github.io/guitar-moves/_astro/SheetMusic.CB25IuWS.js:0
[  221651ms] NotFoundError: Failed to execute 'removeChild' on 'Node': The node to be removed is not a child of this node.
    at Ly (https://wilsonnet.github.io/guitar-moves/_astro/client.mxV3x1Xx.js:8:98867)
    at Bl (https://wilsonnet.github.io/guitar-moves/_astro/client.mxV3x1Xx.js:8:100400)
    at Jy (https://wilsonnet.github.io/guitar-moves/_astro/client.mxV3x1Xx.js:8:102832)
    at Bl (https://wilsonnet.github.io/guitar-moves/_astro/client.mxV3x1Xx.js:8:100526)
    at Jy (https://wilsonnet.github.io/guitar-moves/_astro/client.mxV3x1Xx.js:8:102832)
    at Bl (https://wilsonnet.github.io/guitar-moves/_astro/client.mxV3x1Xx.js:8:100526)
    at Jy (https://wilsonnet.github.io/guitar-moves/_astro/client.mxV3x1Xx.js:8:100648)
    at Bl (https://wilsonnet.github.io/guitar-moves/_astro/client.mxV3x1Xx.js:8:100526)
    at Jy (https://wilsonnet.github.io/guitar-moves/_astro/client.mxV3x1Xx.js:8:103249)
    at mv (https://wilsonnet.github.io/guitar-moves/_astro/client.mxV3x1Xx.js:8:118321)
[  221843ms] [ERROR] VexFlow rendering error: C: [RuntimeError] BadArgument: Too many ticks.
    at wt.addTickable (https://wilsonnet.github.io/guitar-moves/_astro/SheetMusic.CB25IuWS.js:1:214236)
    at wt.addTickables (https://wilsonnet.github.io/guitar-moves/_astro/SheetMusic.CB25IuWS.js:1:214549)
    at Me.voice (https://wilsonnet.github.io/guitar-moves/_astro/SheetMusic.CB25IuWS.js:1:188207)
    at https://wilsonnet.github.io/guitar-moves/_astro/SheetMusic.CB25IuWS.js:1:1120861
    at $u (https://wilsonnet.github.io/guitar-moves/_astro/client.mxV3x1Xx.js:8:92398)
    at Wy (https://wilsonnet.github.io/guitar-moves/_astro/client.mxV3x1Xx.js:8:107598)
    at it (https://wilsonnet.github.io/guitar-moves/_astro/client.mxV3x1Xx.js:8:107482)
    at Wy (https://wilsonnet.github.io/guitar-moves/_astro/client.mxV3x1Xx.js:8:107644)
    at sv (https://wilsonnet.github.io/guitar-moves/_astro/client.mxV3x1Xx.js:8:120585)
    at bn (https://wilsonnet.github.io/guitar-moves/_astro/client.mxV3x1Xx.js:8:120365) @ https://wilsonnet.github.io/guitar-moves/_astro/SheetMusic.CB25IuWS.js:0
[  221879ms] NotFoundError: Failed to execute 'removeChild' on 'Node': The node to be removed is not a child of this node.
    at Ly (https://wilsonnet.github.io/guitar-moves/_astro/client.mxV3x1Xx.js:8:98867)
    at Bl (https://wilsonnet.github.io/guitar-moves/_astro/client.mxV3x1Xx.js:8:100400)
    at Jy (https://wilsonnet.github.io/guitar-moves/_astro/client.mxV3x1Xx.js:8:102832)
    at Bl (https://wilsonnet.github.io/guitar-moves/_astro/client.mxV3x1Xx.js:8:100526)
    at Jy (https://wilsonnet.github.io/guitar-moves/_astro/client.mxV3x1Xx.js:8:102832)
    at Bl (https://wilsonnet.github.io/guitar-moves/_astro/client.mxV3x1Xx.js:8:100526)
    at Jy (https://wilsonnet.github.io/guitar-moves/_astro/client.mxV3x1Xx.js:8:100648)
    at Bl (https://wilsonnet.github.io/guitar-moves/_astro/client.mxV3x1Xx.js:8:100526)
    at Jy (https://wilsonnet.github.io/guitar-moves/_astro/client.mxV3x1Xx.js:8:103249)
    at mv (https://wilsonnet.github.io/guitar-moves/_astro/client.mxV3x1Xx.js:8:118321)
[  221846ms] [ERROR] VexFlow rendering error: C: [RuntimeError] IncompleteVoice: Voice does not have enough notes.
    at https://wilsonnet.github.io/guitar-moves/_astro/SheetMusic.CB25IuWS.js:1:273215
    at Array.reduce (<anonymous>)
    at rt.getResolutionMultiplier (https://wilsonnet.github.io/guitar-moves/_astro/SheetMusic.CB25IuWS.js:1:273029)
    at rt.createModifierContexts (https://wilsonnet.github.io/guitar-moves/_astro/SheetMusic.CB25IuWS.js:1:273396)
    at rt.joinVoices (https://wilsonnet.github.io/guitar-moves/_astro/SheetMusic.CB25IuWS.js:1:278696)
    at Hi.format (https://wilsonnet.github.io/guitar-moves/_astro/SheetMusic.CB25IuWS.js:1:294425)
    at https://wilsonnet.github.io/guitar-moves/_astro/SheetMusic.CB25IuWS.js:1:317025
    at Array.forEach (<anonymous>)
    at re.draw (https://wilsonnet.github.io/guitar-moves/_astro/SheetMusic.CB25IuWS.js:1:316998)
    at https://wilsonnet.github.io/guitar-moves/_astro/SheetMusic.CB25IuWS.js:1:1120934 @ https://wilsonnet.github.io/guitar-moves/_astro/SheetMusic.CB25IuWS.js:0
[  221880ms] NotFoundError: Failed to execute 'removeChild' on 'Node': The node to be removed is not a child of this node.
    at Ly (https://wilsonnet.github.io/guitar-moves/_astro/client.mxV3x1Xx.js:8:98867)
    at Bl (https://wilsonnet.github.io/guitar-moves/_astro/client.mxV3x1Xx.js:8:100400)
    at Jy (https://wilsonnet.github.io/guitar-moves/_astro/client.mxV3x1Xx.js:8:102832)
    at Bl (https://wilsonnet.github.io/guitar-moves/_astro/client.mxV3x1Xx.js:8:100526)
    at Jy (https://wilsonnet.github.io/guitar-moves/_astro/client.mxV3x1Xx.js:8:102832)
    at Bl (https://wilsonnet.github.io/guitar-moves/_astro/client.mxV3x1Xx.js:8:100526)
    at Jy (https://wilsonnet.github.io/guitar-moves/_astro/client.mxV3x1Xx.js:8:100648)
    at Bl (https://wilsonnet.github.io/guitar-moves/_astro/client.mxV3x1Xx.js:8:100526)
    at Jy (https://wilsonnet.github.io/guitar-moves/_astro/client.mxV3x1Xx.js:8:103249)
    at mv (https://wilsonnet.github.io/guitar-moves/_astro/client.mxV3x1Xx.js:8:118321)
[  221880ms] NotFoundError: Failed to execute 'removeChild' on 'Node': The node to be removed is not a child of this node.
    at Ly (https://wilsonnet.github.io/guitar-moves/_astro/client.mxV3x1Xx.js:8:98867)
    at Bl (https://wilsonnet.github.io/guitar-moves/_astro/client.mxV3x1Xx.js:8:100400)
    at Jy (https://wilsonnet.github.io/guitar-moves/_astro/client.mxV3x1Xx.js:8:102832)
    at Bl (https://wilsonnet.github.io/guitar-moves/_astro/client.mxV3x1Xx.js:8:100526)
    at Jy (https://wilsonnet.github.io/guitar-moves/_astro/client.mxV3x1Xx.js:8:102832)
    at Bl (https://wilsonnet.github.io/guitar-moves/_astro/client.mxV3x1Xx.js:8:100526)
    at Jy (https://wilsonnet.github.io/guitar-moves/_astro/client.mxV3x1Xx.js:8:100648)
    at Bl (https://wilsonnet.github.io/guitar-moves/_astro/client.mxV3x1Xx.js:8:100526)
    at Jy (https://wilsonnet.github.io/guitar-moves/_astro/client.mxV3x1Xx.js:8:103249)
    at mv (https://wilsonnet.github.io/guitar-moves/_astro/client.mxV3x1Xx.js:8:118321)
[  221880ms] NotFoundError: Failed to execute 'removeChild' on 'Node': The node to be removed is not a child of this node.
    at Ly (https://wilsonnet.github.io/guitar-moves/_astro/client.mxV3x1Xx.js:8:98867)
    at Bl (https://wilsonnet.github.io/guitar-moves/_astro/client.mxV3x1Xx.js:8:100400)
    at Jy (https://wilsonnet.github.io/guitar-moves/_astro/client.mxV3x1Xx.js:8:102832)
    at Bl (https://wilsonnet.github.io/guitar-moves/_astro/client.mxV3x1Xx.js:8:100526)
    at Jy (https://wilsonnet.github.io/guitar-moves/_astro/client.mxV3x1Xx.js:8:102832)
    at Bl (https://wilsonnet.github.io/guitar-moves/_astro/client.mxV3x1Xx.js:8:100526)
    at Jy (https://wilsonnet.github.io/guitar-moves/_astro/client.mxV3x1Xx.js:8:100648)
    at Bl (https://wilsonnet.github.io/guitar-moves/_astro/client.mxV3x1Xx.js:8:100526)
    at Jy (https://wilsonnet.github.io/guitar-moves/_astro/client.mxV3x1Xx.js:8:103249)
    at mv (https://wilsonnet.github.io/guitar-moves/_astro/client.mxV3x1Xx.js:8:118321)
[  221881ms] NotFoundError: Failed to execute 'removeChild' on 'Node': The node to be removed is not a child of this node.
    at Ly (https://wilsonnet.github.io/guitar-moves/_astro/client.mxV3x1Xx.js:8:98867)
    at Bl (https://wilsonnet.github.io/guitar-moves/_astro/client.mxV3x1Xx.js:8:100400)
    at Jy (https://wilsonnet.github.io/guitar-moves/_astro/client.mxV3x1Xx.js:8:102832)
    at Bl (https://wilsonnet.github.io/guitar-moves/_astro/client.mxV3x1Xx.js:8:100526)
    at Jy (https://wilsonnet.github.io/guitar-moves/_astro/client.mxV3x1Xx.js:8:102832)
    at Bl (https://wilsonnet.github.io/guitar-moves/_astro/client.mxV3x1Xx.js:8:100526)
    at Jy (https://wilsonnet.github.io/guitar-moves/_astro/client.mxV3x1Xx.js:8:100648)
    at Bl (https://wilsonnet.github.io/guitar-moves/_astro/client.mxV3x1Xx.js:8:100526)
    at Jy (https://wilsonnet.github.io/guitar-moves/_astro/client.mxV3x1Xx.js:8:103249)
    at mv (https://wilsonnet.github.io/guitar-moves/_astro/client.mxV3x1Xx.js:8:118321)
[  221878ms] [ERROR] VexFlow rendering error: C: [RuntimeError] BadArgument: Too many ticks.
    at wt.addTickable (https://wilsonnet.github.io/guitar-moves/_astro/SheetMusic.CB25IuWS.js:1:214236)
    at wt.addTickables (https://wilsonnet.github.io/guitar-moves/_astro/SheetMusic.CB25IuWS.js:1:214549)
    at Me.voice (https://wilsonnet.github.io/guitar-moves/_astro/SheetMusic.CB25IuWS.js:1:188207)
    at https://wilsonnet.github.io/guitar-moves/_astro/SheetMusic.CB25IuWS.js:1:1120861
    at $u (https://wilsonnet.github.io/guitar-moves/_astro/client.mxV3x1Xx.js:8:92398)
    at Wy (https://wilsonnet.github.io/guitar-moves/_astro/client.mxV3x1Xx.js:8:107598)
    at it (https://wilsonnet.github.io/guitar-moves/_astro/client.mxV3x1Xx.js:8:107482)
    at Wy (https://wilsonnet.github.io/guitar-moves/_astro/client.mxV3x1Xx.js:8:107644)
    at sv (https://wilsonnet.github.io/guitar-moves/_astro/client.mxV3x1Xx.js:8:120585)
    at bn (https://wilsonnet.github.io/guitar-moves/_astro/client.mxV3x1Xx.js:8:120365) @ https://wilsonnet.github.io/guitar-moves/_astro/SheetMusic.CB25IuWS.js:0
[  221881ms] NotFoundError: Failed to execute 'removeChild' on 'Node': The node to be removed is not a child of this node.
    at Ly (https://wilsonnet.github.io/guitar-moves/_astro/client.mxV3x1Xx.js:8:98867)
    at Bl (https://wilsonnet.github.io/guitar-moves/_astro/client.mxV3x1Xx.js:8:100400)
    at Jy (https://wilsonnet.github.io/guitar-moves/_astro/client.mxV3x1Xx.js:8:102832)
    at Bl (https://wilsonnet.github.io/guitar-moves/_astro/client.mxV3x1Xx.js:8:100526)
    at Jy (https://wilsonnet.github.io/guitar-moves/_astro/client.mxV3x1Xx.js:8:102832)
    at Bl (https://wilsonnet.github.io/guitar-moves/_astro/client.mxV3x1Xx.js:8:100526)
    at Jy (https://wilsonnet.github.io/guitar-moves/_astro/client.mxV3x1Xx.js:8:100648)
    at Bl (https://wilsonnet.github.io/guitar-moves/_astro/client.mxV3x1Xx.js:8:100526)
    at Jy (https://wilsonnet.github.io/guitar-moves/_astro/client.mxV3x1Xx.js:8:103249)
    at mv (https://wilsonnet.github.io/guitar-moves/_astro/client.mxV3x1Xx.js:8:118321)
