[     159ms] [INFO] %cDownload the React DevTools for a better development experience: https://react.dev/link/react-devtools font-weight:bold @ http://localhost:4327/node_modules/.vite/deps/chunk-LFCFDZPA.js?v=166d803f:20102
[     199ms] [LOG] Debug msg: clef=tablature @ http://localhost:4327/node_modules/.vite/deps/abcjs.js?v=166d803f:18716
[     223ms] [LOG] Debug msg: clef=tablature @ http://localhost:4327/node_modules/.vite/deps/abcjs.js?v=166d803f:18716
[     239ms] [LOG] Debug msg: clef=tablature @ http://localhost:4327/node_modules/.vite/deps/abcjs.js?v=166d803f:18716
[     242ms] [LOG] Debug msg: clef=tablature @ http://localhost:4327/node_modules/.vite/deps/abcjs.js?v=166d803f:18716
[     245ms] [LOG] Debug msg: clef=tablature @ http://localhost:4327/node_modules/.vite/deps/abcjs.js?v=166d803f:18716
[     260ms] [LOG] Debug msg: clef=tablature @ http://localhost:4327/node_modules/.vite/deps/abcjs.js?v=166d803f:18716
[     264ms] [LOG] Debug msg: clef=tablature @ http://localhost:4327/node_modules/.vite/deps/abcjs.js?v=166d803f:18716
[     279ms] [LOG] Debug msg: clef=tablature @ http://localhost:4327/node_modules/.vite/deps/abcjs.js?v=166d803f:18716
[     284ms] [LOG] Debug msg: clef=tablature @ http://localhost:4327/node_modules/.vite/deps/abcjs.js?v=166d803f:18716
[     306ms] [LOG] Debug msg: clef=tablature @ http://localhost:4327/node_modules/.vite/deps/abcjs.js?v=166d803f:18716
[     311ms] [LOG] Debug msg: clef=tablature @ http://localhost:4327/node_modules/.vite/deps/abcjs.js?v=166d803f:18716
[     315ms] [LOG] Debug msg: clef=tablature @ http://localhost:4327/node_modules/.vite/deps/abcjs.js?v=166d803f:18716
[     320ms] [LOG] Debug msg: clef=tablature @ http://localhost:4327/node_modules/.vite/deps/abcjs.js?v=166d803f:18716
[   25208ms] [LOG] [vite] server connection lost. Polling for restart... @ http://localhost:4327/@vite/client:1596
[   29851ms] [INFO] %cDownload the React DevTools for a better development experience: https://react.dev/link/react-devtools font-weight:bold @ http://localhost:4327/node_modules/.vite/deps/chunk-LFCFDZPA.js?v=4621f9ae:20102
[   29887ms] [LOG] Debug msg: clef=tablature @ http://localhost:4327/node_modules/.vite/deps/abcjs.js?v=115c2c64:18716
[   29892ms] [LOG] Debug msg: clef=tablature @ http://localhost:4327/node_modules/.vite/deps/abcjs.js?v=115c2c64:18716
[   29908ms] [LOG] Debug msg: clef=tablature @ http://localhost:4327/node_modules/.vite/deps/abcjs.js?v=115c2c64:18716
[   29922ms] [LOG] Debug msg: clef=tablature @ http://localhost:4327/node_modules/.vite/deps/abcjs.js?v=115c2c64:18716
[   29925ms] [LOG] Debug msg: clef=tablature @ http://localhost:4327/node_modules/.vite/deps/abcjs.js?v=115c2c64:18716
[   29937ms] [LOG] Debug msg: clef=tablature @ http://localhost:4327/node_modules/.vite/deps/abcjs.js?v=115c2c64:18716
[   29951ms] [LOG] Debug msg: clef=tablature @ http://localhost:4327/node_modules/.vite/deps/abcjs.js?v=115c2c64:18716
[   29953ms] [LOG] Debug msg: clef=tablature @ http://localhost:4327/node_modules/.vite/deps/abcjs.js?v=115c2c64:18716
[   29956ms] [LOG] Debug msg: clef=tablature @ http://localhost:4327/node_modules/.vite/deps/abcjs.js?v=115c2c64:18716
[   30111ms] [INFO] %cDownload the React DevTools for a better development experience: https://react.dev/link/react-devtools font-weight:bold @ http://localhost:4327/node_modules/.vite/deps/chunk-LFCFDZPA.js?v=166d803f:20102
[   30140ms] [LOG] Debug msg: clef=tablature @ http://localhost:4327/node_modules/.vite/deps/abcjs.js?v=166d803f:18716
[   30143ms] [LOG] Debug msg: clef=tablature @ http://localhost:4327/node_modules/.vite/deps/abcjs.js?v=166d803f:18716
[   30159ms] [LOG] Debug msg: clef=tablature @ http://localhost:4327/node_modules/.vite/deps/abcjs.js?v=166d803f:18716
[   30175ms] [LOG] Debug msg: clef=tablature @ http://localhost:4327/node_modules/.vite/deps/abcjs.js?v=166d803f:18716
[   30178ms] [LOG] Debug msg: clef=tablature @ http://localhost:4327/node_modules/.vite/deps/abcjs.js?v=166d803f:18716
[   30183ms] [LOG] Debug msg: clef=tablature @ http://localhost:4327/node_modules/.vite/deps/abcjs.js?v=166d803f:18716
[   30186ms] [LOG] Debug msg: clef=tablature @ http://localhost:4327/node_modules/.vite/deps/abcjs.js?v=166d803f:18716
[   30204ms] [LOG] Debug msg: clef=tablature @ http://localhost:4327/node_modules/.vite/deps/abcjs.js?v=166d803f:18716
[   30208ms] [LOG] Debug msg: clef=tablature @ http://localhost:4327/node_modules/.vite/deps/abcjs.js?v=166d803f:18716
[   30223ms] [LOG] Debug msg: clef=tablature @ http://localhost:4327/node_modules/.vite/deps/abcjs.js?v=166d803f:18716
[   30225ms] [LOG] Debug msg: clef=tablature @ http://localhost:4327/node_modules/.vite/deps/abcjs.js?v=166d803f:18716
[   30227ms] [LOG] Debug msg: clef=tablature @ http://localhost:4327/node_modules/.vite/deps/abcjs.js?v=166d803f:18716
[   30240ms] [LOG] Debug msg: clef=tablature @ http://localhost:4327/node_modules/.vite/deps/abcjs.js?v=166d803f:18716
